2019-09-17 23:14:26.5373 Info Message Template Auto Format enabled
2019-09-17 23:14:26.5818 Info Loading assembly: NLog.Web.AspNetCore
2019-09-17 23:14:26.7377 Info Adding target FileTarget(Name=errors)
2019-09-17 23:14:26.7425 Info Adding target FileTarget(Name=jobs)
2019-09-17 23:14:26.7425 Info Adding target FileTarget(Name=app)
2019-09-17 23:14:26.7425 Info Adding target FileTarget(Name=system)
2019-09-17 23:14:26.8629 Info Found 100 configuration items
2019-09-17 23:14:29.7816 Info Shutdown() called. Logger closing...
2019-09-17 23:14:29.7816 Info Closing old configuration.
2019-09-17 23:14:29.8068 Info Logger has been closed down.
2019-09-17 23:14:29.8068 Info AppDomain Shutting down. Logger closing...
2019-09-17 23:14:29.8068 Info Logger has been shut down.
2019-09-17 23:14:34.4561 Info Message Template Auto Format enabled
2019-09-17 23:14:34.4645 Info Loading assembly: NLog.Web.AspNetCore
2019-09-17 23:14:34.5312 Info Adding target FileTarget(Name=errors)
2019-09-17 23:14:34.5312 Info Adding target FileTarget(Name=jobs)
2019-09-17 23:14:34.5312 Info Adding target FileTarget(Name=app)
2019-09-17 23:14:34.5312 Info Adding target FileTarget(Name=system)
2019-09-17 23:14:34.6122 Info Found 100 configuration items
2019-09-17 23:14:36.0402 Info Shutdown() called. Logger closing...
2019-09-17 23:14:36.0402 Info Closing old configuration.
2019-09-17 23:14:36.0723 Info Logger has been closed down.
2019-09-17 23:14:36.0723 Info AppDomain Shutting down. Logger closing...
2019-09-17 23:14:36.0723 Info Logger has been shut down.
2019-09-17 23:15:20.1051 Info Message Template Auto Format enabled
2019-09-17 23:15:20.1215 Info Loading assembly: NLog.Web.AspNetCore
2019-09-17 23:15:20.2409 Info Adding target FileTarget(Name=errors)
2019-09-17 23:15:20.2409 Info Adding target FileTarget(Name=jobs)
2019-09-17 23:15:20.2409 Info Adding target FileTarget(Name=app)
2019-09-17 23:15:20.2409 Info Adding target FileTarget(Name=system)
2019-09-17 23:15:20.3582 Info Found 100 configuration items
2019-09-17 23:29:29.2821 Info Message Template Auto Format enabled
2019-09-17 23:29:29.2964 Info Loading assembly: NLog.Web.AspNetCore
2019-09-17 23:29:29.4232 Info Adding target FileTarget(Name=errors)
2019-09-17 23:29:29.4232 Info Adding target FileTarget(Name=jobs)
2019-09-17 23:29:29.4232 Info Adding target FileTarget(Name=app)
2019-09-17 23:29:29.4278 Info Adding target FileTarget(Name=system)
2019-09-17 23:29:29.5345 Info Found 100 configuration items
2019-09-17 23:38:20.5123 Info Message Template Auto Format enabled
2019-09-17 23:38:20.5330 Info Loading assembly: NLog.Web.AspNetCore
2019-09-17 23:38:20.6682 Info Adding target FileTarget(Name=errors)
2019-09-17 23:38:20.6682 Info Adding target FileTarget(Name=jobs)
2019-09-17 23:38:20.6682 Info Adding target FileTarget(Name=app)
2019-09-17 23:38:20.6682 Info Adding target FileTarget(Name=system)
2019-09-17 23:38:20.8757 Info Found 100 configuration items
2019-09-17 23:40:38.5662 Info Message Template Auto Format enabled
2019-09-17 23:40:38.5877 Info Loading assembly: NLog.Web.AspNetCore
2019-09-17 23:40:38.7133 Info Adding target FileTarget(Name=errors)
2019-09-17 23:40:38.7133 Info Adding target FileTarget(Name=jobs)
2019-09-17 23:40:38.7133 Info Adding target FileTarget(Name=app)
2019-09-17 23:40:38.7133 Info Adding target FileTarget(Name=system)
2019-09-17 23:40:38.8441 Info Found 100 configuration items
2019-09-17 23:42:12.5815 Info Message Template Auto Format enabled
2019-09-17 23:42:12.6006 Info Loading assembly: NLog.Web.AspNetCore
2019-09-17 23:42:12.7299 Info Adding target FileTarget(Name=errors)
2019-09-17 23:42:12.7299 Info Adding target FileTarget(Name=jobs)
2019-09-17 23:42:12.7400 Info Adding target FileTarget(Name=app)
2019-09-17 23:42:12.7400 Info Adding target FileTarget(Name=system)
2019-09-17 23:42:12.8664 Info Found 100 configuration items
2019-09-17 23:43:26.4741 Info Message Template Auto Format enabled
2019-09-17 23:43:26.5088 Info Loading assembly: NLog.Web.AspNetCore
2019-09-17 23:43:26.6265 Info Adding target FileTarget(Name=errors)
2019-09-17 23:43:26.6265 Info Adding target FileTarget(Name=jobs)
2019-09-17 23:43:26.6265 Info Adding target FileTarget(Name=app)
2019-09-17 23:43:26.6311 Info Adding target FileTarget(Name=system)
2019-09-17 23:43:26.7381 Info Found 100 configuration items
2019-09-17 23:44:15.6280 Info AppDomain Shutting down. Logger closing...
2019-09-17 23:44:15.6861 Info Logger has been shut down.
2019-09-17 23:45:12.9065 Info Message Template Auto Format enabled
2019-09-17 23:45:12.9260 Info Loading assembly: NLog.Web.AspNetCore
2019-09-17 23:45:13.0526 Info Adding target FileTarget(Name=errors)
2019-09-17 23:45:13.0564 Info Adding target FileTarget(Name=jobs)
2019-09-17 23:45:13.0564 Info Adding target FileTarget(Name=app)
2019-09-17 23:45:13.0564 Info Adding target FileTarget(Name=system)
2019-09-17 23:45:13.1699 Info Found 100 configuration items
2019-09-17 23:45:36.1967 Info AppDomain Shutting down. Logger closing...
2019-09-17 23:45:36.2254 Info Logger has been shut down.
2019-09-17 23:46:02.5518 Info Message Template Auto Format enabled
2019-09-17 23:46:02.5695 Info Loading assembly: NLog.Web.AspNetCore
2019-09-17 23:46:02.6878 Info Adding target FileTarget(Name=errors)
2019-09-17 23:46:02.6878 Info Adding target FileTarget(Name=jobs)
2019-09-17 23:46:02.6878 Info Adding target FileTarget(Name=app)
2019-09-17 23:46:02.6956 Info Adding target FileTarget(Name=system)
2019-09-17 23:46:02.8080 Info Found 100 configuration items
2019-09-17 23:46:34.4684 Info AppDomain Shutting down. Logger closing...
2019-09-17 23:46:34.4991 Info Logger has been shut down.
2019-09-17 23:47:07.2709 Info Message Template Auto Format enabled
2019-09-17 23:47:07.2946 Info Loading assembly: NLog.Web.AspNetCore
2019-09-17 23:47:07.4831 Info Adding target FileTarget(Name=errors)
2019-09-17 23:47:07.4831 Info Adding target FileTarget(Name=jobs)
2019-09-17 23:47:07.4831 Info Adding target FileTarget(Name=app)
2019-09-17 23:47:07.4831 Info Adding target FileTarget(Name=system)
2019-09-17 23:47:07.6576 Info Found 100 configuration items
2019-09-17 23:49:39.7899 Info Message Template Auto Format enabled
2019-09-17 23:49:39.8047 Info Loading assembly: NLog.Web.AspNetCore
2019-09-17 23:49:39.9048 Info Adding target FileTarget(Name=errors)
2019-09-17 23:49:39.9048 Info Adding target FileTarget(Name=jobs)
2019-09-17 23:49:39.9048 Info Adding target FileTarget(Name=app)
2019-09-17 23:49:39.9048 Info Adding target FileTarget(Name=system)
2019-09-17 23:49:40.0056 Info Found 100 configuration items
2019-09-17 23:51:30.7846 Info Message Template Auto Format enabled
2019-09-17 23:51:30.7990 Info Loading assembly: NLog.Web.AspNetCore
2019-09-17 23:51:30.8998 Info Adding target FileTarget(Name=errors)
2019-09-17 23:51:30.8998 Info Adding target FileTarget(Name=jobs)
2019-09-17 23:51:30.8998 Info Adding target FileTarget(Name=app)
2019-09-17 23:51:30.8998 Info Adding target FileTarget(Name=system)
2019-09-17 23:51:31.0455 Info Found 100 configuration items
2019-09-17 23:52:15.7022 Info Message Template Auto Format enabled
2019-09-17 23:52:15.7245 Info Loading assembly: NLog.Web.AspNetCore
2019-09-17 23:52:15.8380 Info Adding target FileTarget(Name=errors)
2019-09-17 23:52:15.8380 Info Adding target FileTarget(Name=jobs)
2019-09-17 23:52:15.8380 Info Adding target FileTarget(Name=app)
2019-09-17 23:52:15.8380 Info Adding target FileTarget(Name=system)
2019-09-17 23:52:15.9437 Info Found 100 configuration items
2019-09-17 23:53:36.2132 Info Message Template Auto Format enabled
2019-09-17 23:53:36.2441 Info Loading assembly: NLog.Web.AspNetCore
2019-09-17 23:53:36.3851 Info Adding target FileTarget(Name=errors)
2019-09-17 23:53:36.3851 Info Adding target FileTarget(Name=jobs)
2019-09-17 23:53:36.3851 Info Adding target FileTarget(Name=app)
2019-09-17 23:53:36.3851 Info Adding target FileTarget(Name=system)
2019-09-17 23:53:36.5135 Info Found 100 configuration items
2019-09-17 23:55:19.8654 Info Message Template Auto Format enabled
2019-09-17 23:55:19.8821 Info Loading assembly: NLog.Web.AspNetCore
2019-09-17 23:55:19.9880 Info Adding target FileTarget(Name=errors)
2019-09-17 23:55:19.9906 Info Adding target FileTarget(Name=jobs)
2019-09-17 23:55:19.9906 Info Adding target FileTarget(Name=app)
2019-09-17 23:55:19.9906 Info Adding target FileTarget(Name=system)
2019-09-17 23:55:20.1066 Info Found 101 configuration items
2019-09-18 00:03:28.8748 Info Message Template Auto Format enabled
2019-09-18 00:03:28.8925 Info Loading assembly: NLog.Web.AspNetCore
2019-09-18 00:03:29.0528 Info Adding target FileTarget(Name=errors)
2019-09-18 00:03:29.0528 Info Adding target FileTarget(Name=jobs)
2019-09-18 00:03:29.0712 Info Adding target FileTarget(Name=app)
2019-09-18 00:03:29.0712 Info Adding target FileTarget(Name=system)
2019-09-18 00:03:29.1945 Info Found 101 configuration items
2019-12-21 12:05:36.3161 Info Message Template Auto Format enabled
2019-12-21 12:05:36.3494 Info Loading assembly: NLog.Web.AspNetCore
2019-12-21 12:05:36.5514 Info Adding target FileTarget(Name=errors)
2019-12-21 12:05:36.5539 Info Adding target FileTarget(Name=jobs)
2019-12-21 12:05:36.5539 Info Adding target FileTarget(Name=app)
2019-12-21 12:05:36.5539 Info Adding target FileTarget(Name=system)
2019-12-21 12:05:36.7334 Info Found 101 configuration items
2019-12-21 12:07:48.4102 Info Message Template Auto Format enabled
2019-12-21 12:07:48.4268 Info Loading assembly: NLog.Web.AspNetCore
2019-12-21 12:07:48.5228 Info Adding target FileTarget(Name=errors)
2019-12-21 12:07:48.5228 Info Adding target FileTarget(Name=jobs)
2019-12-21 12:07:48.5228 Info Adding target FileTarget(Name=app)
2019-12-21 12:07:48.5228 Info Adding target FileTarget(Name=system)
2019-12-21 12:07:48.6444 Info Found 101 configuration items
2019-12-21 12:08:09.3584 Info Message Template Auto Format enabled
2019-12-21 12:08:09.3751 Info Loading assembly: NLog.Web.AspNetCore
2019-12-21 12:08:09.4768 Info Adding target FileTarget(Name=errors)
2019-12-21 12:08:09.4768 Info Adding target FileTarget(Name=jobs)
2019-12-21 12:08:09.4768 Info Adding target FileTarget(Name=app)
2019-12-21 12:08:09.4768 Info Adding target FileTarget(Name=system)
2019-12-21 12:08:09.5927 Info Found 101 configuration items
2019-12-21 12:09:12.3086 Info Message Template Auto Format enabled
2019-12-21 12:09:12.3256 Info Loading assembly: NLog.Web.AspNetCore
2019-12-21 12:09:12.4498 Info Adding target FileTarget(Name=errors)
2019-12-21 12:09:12.4498 Info Adding target FileTarget(Name=jobs)
2019-12-21 12:09:12.4498 Info Adding target FileTarget(Name=app)
2019-12-21 12:09:12.4498 Info Adding target FileTarget(Name=system)
2019-12-21 12:09:12.6120 Info Found 101 configuration items
2019-12-21 12:09:51.2261 Info Message Template Auto Format enabled
2019-12-21 12:09:51.2429 Info Loading assembly: NLog.Web.AspNetCore
2019-12-21 12:09:51.3525 Info Adding target FileTarget(Name=errors)
2019-12-21 12:09:51.3525 Info Adding target FileTarget(Name=jobs)
2019-12-21 12:09:51.3525 Info Adding target FileTarget(Name=app)
2019-12-21 12:09:51.3525 Info Adding target FileTarget(Name=system)
2019-12-21 12:09:51.4724 Info Found 101 configuration items
2019-12-21 12:11:59.4604 Info Message Template Auto Format enabled
2019-12-21 12:11:59.4811 Info Loading assembly: NLog.Web.AspNetCore
2019-12-21 12:11:59.5847 Info Adding target FileTarget(Name=errors)
2019-12-21 12:11:59.5847 Info Adding target FileTarget(Name=jobs)
2019-12-21 12:11:59.5847 Info Adding target FileTarget(Name=app)
2019-12-21 12:11:59.5847 Info Adding target FileTarget(Name=system)
2019-12-21 12:11:59.7308 Info Found 101 configuration items
2019-12-21 12:12:33.4814 Info Message Template Auto Format enabled
2019-12-21 12:12:33.4908 Info Loading assembly: NLog.Web.AspNetCore
2019-12-21 12:12:33.5512 Info Adding target FileTarget(Name=errors)
2019-12-21 12:12:33.5536 Info Adding target FileTarget(Name=jobs)
2019-12-21 12:12:33.5536 Info Adding target FileTarget(Name=app)
2019-12-21 12:12:33.5536 Info Adding target FileTarget(Name=system)
2019-12-21 12:12:33.6253 Info Found 101 configuration items
2019-12-21 12:13:36.1547 Info Message Template Auto Format enabled
2019-12-21 12:13:36.1834 Info Loading assembly: NLog.Web.AspNetCore
2019-12-21 12:13:36.3525 Info Adding target FileTarget(Name=errors)
2019-12-21 12:13:36.3525 Info Adding target FileTarget(Name=jobs)
2019-12-21 12:13:36.3525 Info Adding target FileTarget(Name=app)
2019-12-21 12:13:36.3525 Info Adding target FileTarget(Name=system)
2019-12-21 12:13:36.4755 Info Found 101 configuration items
2019-12-21 12:16:30.9013 Info Message Template Auto Format enabled
2019-12-21 12:16:30.9363 Info Loading assembly: NLog.Web.AspNetCore
2019-12-21 12:16:31.0763 Info Adding target FileTarget(Name=errors)
2019-12-21 12:16:31.0763 Info Adding target FileTarget(Name=jobs)
2019-12-21 12:16:31.0763 Info Adding target FileTarget(Name=app)
2019-12-21 12:16:31.0763 Info Adding target FileTarget(Name=system)
2019-12-21 12:16:31.2746 Info Found 101 configuration items
2019-12-21 12:17:04.1695 Info Message Template Auto Format enabled
2019-12-21 12:17:04.1914 Info Loading assembly: NLog.Web.AspNetCore
2019-12-21 12:17:04.3051 Info Adding target FileTarget(Name=errors)
2019-12-21 12:17:04.3051 Info Adding target FileTarget(Name=jobs)
2019-12-21 12:17:04.3051 Info Adding target FileTarget(Name=app)
2019-12-21 12:17:04.3051 Info Adding target FileTarget(Name=system)
2019-12-21 12:17:04.4255 Info Found 101 configuration items
2019-12-21 12:35:59.5138 Info Message Template Auto Format enabled
2019-12-21 12:35:59.5412 Info Loading assembly: NLog.Web.AspNetCore
2019-12-21 12:35:59.6202 Info Adding target FileTarget(Name=errors)
2019-12-21 12:35:59.6290 Info Adding target FileTarget(Name=jobs)
2019-12-21 12:35:59.6290 Info Adding target FileTarget(Name=app)
2019-12-21 12:35:59.6453 Info Adding target FileTarget(Name=system)
2019-12-21 12:35:59.7212 Info Found 101 configuration items
2019-12-21 12:36:18.5302 Info Shutdown() called. Logger closing...
2019-12-21 12:36:18.5521 Info Closing old configuration.
2019-12-21 12:36:18.5788 Info Logger has been closed down.
2019-12-21 12:36:18.5892 Info AppDomain Shutting down. Logger closing...
2019-12-21 12:36:18.5892 Info Logger has been shut down.
