2019-12-21 12:09:54.7982 | INFO | System.Net.Http.HttpClient.IYandexMusicClient.LogicalHandler |  | Start processing HTTP request GET https://music.yandex.ru/handlers/playlist.jsx?owner=Musili.Ru&kinds=1007&light=true&lang=ru&external-domain=music.yandex.ru&overembed=false&ncrnd=0.5872919215747372 
2019-12-21 12:09:54.8125 | INFO | System.Net.Http.HttpClient.IYandexMusicClient.LogicalHandler |  | Start processing HTTP request GET https://music.yandex.ru/handlers/playlist.jsx?owner=Musili.Ru&kinds=1007&light=true&lang=ru&external-domain=music.yandex.ru&overembed=false&ncrnd=0.5872919215747372 
2019-12-21 12:09:54.8263 | INFO | System.Net.Http.HttpClient.IYandexMusicClient.ClientHandler |  | Sending HTTP request GET https://music.yandex.ru/handlers/playlist.jsx?owner=Musili.Ru&kinds=1007&light=true&lang=ru&external-domain=music.yandex.ru&overembed=false&ncrnd=0.5872919215747372 
2019-12-21 12:09:54.8263 | INFO | System.Net.Http.HttpClient.IYandexMusicClient.ClientHandler |  | Sending HTTP request GET https://music.yandex.ru/handlers/playlist.jsx?owner=Musili.Ru&kinds=1007&light=true&lang=ru&external-domain=music.yandex.ru&overembed=false&ncrnd=0.5872919215747372 
2019-12-21 12:09:55.3869 | INFO | System.Net.Http.HttpClient.IYandexMusicClient.ClientHandler |  | Received HTTP response after 557.2532ms - OK 
2019-12-21 12:09:55.3869 | INFO | System.Net.Http.HttpClient.IYandexMusicClient.ClientHandler |  | Received HTTP response after 557.2532ms - OK 
2019-12-21 12:09:55.3869 | INFO | System.Net.Http.HttpClient.IYandexMusicClient.LogicalHandler |  | End processing HTTP request after 599.1767ms - OK 
2019-12-21 12:09:55.3869 | INFO | System.Net.Http.HttpClient.IYandexMusicClient.LogicalHandler |  | End processing HTTP request after 599.1767ms - OK 
2019-12-21 12:09:55.5371 | INFO | System.Net.Http.HttpClient.IYandexMusicClient.LogicalHandler |  | Start processing HTTP request GET https://music.yandex.ru/api/v2.1/handlers/tracks?tracks=41069687,1510522 
2019-12-21 12:09:55.5371 | INFO | System.Net.Http.HttpClient.IYandexMusicClient.LogicalHandler |  | Start processing HTTP request GET https://music.yandex.ru/api/v2.1/handlers/tracks?tracks=41069687,1510522 
2019-12-21 12:09:55.5371 | INFO | System.Net.Http.HttpClient.IYandexMusicClient.ClientHandler |  | Sending HTTP request GET https://music.yandex.ru/api/v2.1/handlers/tracks?tracks=41069687,1510522 
2019-12-21 12:09:55.5371 | INFO | System.Net.Http.HttpClient.IYandexMusicClient.ClientHandler |  | Sending HTTP request GET https://music.yandex.ru/api/v2.1/handlers/tracks?tracks=41069687,1510522 
2019-12-21 12:09:55.6124 | INFO | System.Net.Http.HttpClient.IYandexMusicClient.ClientHandler |  | Received HTTP response after 64.4184ms - NotFound 
2019-12-21 12:09:55.6124 | INFO | System.Net.Http.HttpClient.IYandexMusicClient.ClientHandler |  | Received HTTP response after 64.4184ms - NotFound 
2019-12-21 12:09:55.6143 | INFO | System.Net.Http.HttpClient.IYandexMusicClient.LogicalHandler |  | End processing HTTP request after 68.7569ms - NotFound 
2019-12-21 12:09:55.6143 | INFO | System.Net.Http.HttpClient.IYandexMusicClient.LogicalHandler |  | End processing HTTP request after 68.7569ms - NotFound 
2019-12-21 12:09:56.1322 | INFO | System.Net.Http.HttpClient.IYandexMusicClient.LogicalHandler | http://localhost:57009/api/tracks | Start processing HTTP request GET https://music.yandex.ru/handlers/playlist.jsx?owner=music-blog&kinds=1459&light=true&lang=ru&external-domain=music.yandex.ru&overembed=false&ncrnd=0.5872919215747372 
2019-12-21 12:09:56.1322 | INFO | System.Net.Http.HttpClient.IYandexMusicClient.LogicalHandler | http://localhost:57009/api/tracks | Start processing HTTP request GET https://music.yandex.ru/handlers/playlist.jsx?owner=music-blog&kinds=1459&light=true&lang=ru&external-domain=music.yandex.ru&overembed=false&ncrnd=0.5872919215747372 
2019-12-21 12:09:56.1322 | INFO | System.Net.Http.HttpClient.IYandexMusicClient.ClientHandler | http://localhost:57009/api/tracks | Sending HTTP request GET https://music.yandex.ru/handlers/playlist.jsx?owner=music-blog&kinds=1459&light=true&lang=ru&external-domain=music.yandex.ru&overembed=false&ncrnd=0.5872919215747372 
2019-12-21 12:09:56.1322 | INFO | System.Net.Http.HttpClient.IYandexMusicClient.ClientHandler | http://localhost:57009/api/tracks | Sending HTTP request GET https://music.yandex.ru/handlers/playlist.jsx?owner=music-blog&kinds=1459&light=true&lang=ru&external-domain=music.yandex.ru&overembed=false&ncrnd=0.5872919215747372 
2019-12-21 12:09:56.5387 | INFO | System.Net.Http.HttpClient.IYandexMusicClient.ClientHandler | http://localhost:57009/api/tracks | Received HTTP response after 400.2892ms - OK 
2019-12-21 12:09:56.5387 | INFO | System.Net.Http.HttpClient.IYandexMusicClient.ClientHandler | http://localhost:57009/api/tracks | Received HTTP response after 400.2892ms - OK 
2019-12-21 12:09:56.5387 | INFO | System.Net.Http.HttpClient.IYandexMusicClient.LogicalHandler | http://localhost:57009/api/tracks | End processing HTTP request after 405.3645ms - OK 
2019-12-21 12:09:56.5387 | INFO | System.Net.Http.HttpClient.IYandexMusicClient.LogicalHandler | http://localhost:57009/api/tracks | End processing HTTP request after 405.3645ms - OK 
2019-12-21 12:09:56.5568 | INFO | System.Net.Http.HttpClient.IYandexMusicClient.LogicalHandler | http://localhost:57009/api/tracks | Start processing HTTP request GET https://music.yandex.ru/api/v2.1/handlers/tracks?tracks=30938751,27034367 
2019-12-21 12:09:56.5568 | INFO | System.Net.Http.HttpClient.IYandexMusicClient.LogicalHandler | http://localhost:57009/api/tracks | Start processing HTTP request GET https://music.yandex.ru/api/v2.1/handlers/tracks?tracks=30938751,27034367 
2019-12-21 12:09:56.5568 | INFO | System.Net.Http.HttpClient.IYandexMusicClient.ClientHandler | http://localhost:57009/api/tracks | Sending HTTP request GET https://music.yandex.ru/api/v2.1/handlers/tracks?tracks=30938751,27034367 
2019-12-21 12:09:56.5568 | INFO | System.Net.Http.HttpClient.IYandexMusicClient.ClientHandler | http://localhost:57009/api/tracks | Sending HTTP request GET https://music.yandex.ru/api/v2.1/handlers/tracks?tracks=30938751,27034367 
2019-12-21 12:09:56.6025 | INFO | System.Net.Http.HttpClient.IYandexMusicClient.ClientHandler | http://localhost:57009/api/tracks | Received HTTP response after 41.9497ms - OK 
2019-12-21 12:09:56.6025 | INFO | System.Net.Http.HttpClient.IYandexMusicClient.ClientHandler | http://localhost:57009/api/tracks | Received HTTP response after 41.9497ms - OK 
2019-12-21 12:09:56.6025 | INFO | System.Net.Http.HttpClient.IYandexMusicClient.LogicalHandler | http://localhost:57009/api/tracks | End processing HTTP request after 45.4185ms - OK 
2019-12-21 12:09:56.6025 | INFO | System.Net.Http.HttpClient.IYandexMusicClient.LogicalHandler | http://localhost:57009/api/tracks | End processing HTTP request after 45.4185ms - OK 
2019-12-21 12:09:56.6025 | INFO | System.Net.Http.HttpClient.IYandexMusicClient.LogicalHandler | http://localhost:57009/api/tracks | Start processing HTTP request GET https://music.yandex.ru/api/v2.1/handlers/track/30938751/track/download/m?hq=1 
2019-12-21 12:09:56.6025 | INFO | System.Net.Http.HttpClient.IYandexMusicClient.LogicalHandler | http://localhost:57009/api/tracks | Start processing HTTP request GET https://music.yandex.ru/api/v2.1/handlers/track/30938751/track/download/m?hq=1 
2019-12-21 12:09:56.6025 | INFO | System.Net.Http.HttpClient.IYandexMusicClient.ClientHandler | http://localhost:57009/api/tracks | Sending HTTP request GET https://music.yandex.ru/api/v2.1/handlers/track/30938751/track/download/m?hq=1 
2019-12-21 12:09:56.6025 | INFO | System.Net.Http.HttpClient.IYandexMusicClient.ClientHandler | http://localhost:57009/api/tracks | Sending HTTP request GET https://music.yandex.ru/api/v2.1/handlers/track/30938751/track/download/m?hq=1 
2019-12-21 12:09:56.6546 | INFO | System.Net.Http.HttpClient.IYandexMusicClient.ClientHandler | http://localhost:57009/api/tracks | Received HTTP response after 42.2544ms - OK 
2019-12-21 12:09:56.6546 | INFO | System.Net.Http.HttpClient.IYandexMusicClient.ClientHandler | http://localhost:57009/api/tracks | Received HTTP response after 42.2544ms - OK 
2019-12-21 12:09:56.6546 | INFO | System.Net.Http.HttpClient.IYandexMusicClient.LogicalHandler | http://localhost:57009/api/tracks | End processing HTTP request after 45.7979ms - OK 
2019-12-21 12:09:56.6546 | INFO | System.Net.Http.HttpClient.IYandexMusicClient.LogicalHandler | http://localhost:57009/api/tracks | End processing HTTP request after 45.7979ms - OK 
2019-12-21 12:09:56.6546 | INFO | System.Net.Http.HttpClient.IYandexMusicClient.LogicalHandler | http://localhost:57009/api/tracks | Start processing HTTP request GET https://storage.mds.yandex.net/file-download-info/121129_803ff349.47456182.1.30938751/2?sign=90d666e7d534e974a34d5cb1190eb108fe2a307883005ca5ffc63ab0fd44edd8&ts=5dfde19f&format=json 
2019-12-21 12:09:56.6546 | INFO | System.Net.Http.HttpClient.IYandexMusicClient.LogicalHandler | http://localhost:57009/api/tracks | Start processing HTTP request GET https://storage.mds.yandex.net/file-download-info/121129_803ff349.47456182.1.30938751/2?sign=90d666e7d534e974a34d5cb1190eb108fe2a307883005ca5ffc63ab0fd44edd8&ts=5dfde19f&format=json 
2019-12-21 12:09:56.6546 | INFO | System.Net.Http.HttpClient.IYandexMusicClient.ClientHandler | http://localhost:57009/api/tracks | Sending HTTP request GET https://storage.mds.yandex.net/file-download-info/121129_803ff349.47456182.1.30938751/2?sign=90d666e7d534e974a34d5cb1190eb108fe2a307883005ca5ffc63ab0fd44edd8&ts=5dfde19f&format=json 
2019-12-21 12:09:56.6546 | INFO | System.Net.Http.HttpClient.IYandexMusicClient.ClientHandler | http://localhost:57009/api/tracks | Sending HTTP request GET https://storage.mds.yandex.net/file-download-info/121129_803ff349.47456182.1.30938751/2?sign=90d666e7d534e974a34d5cb1190eb108fe2a307883005ca5ffc63ab0fd44edd8&ts=5dfde19f&format=json 
2019-12-21 12:09:56.7643 | INFO | System.Net.Http.HttpClient.IYandexMusicClient.ClientHandler | http://localhost:57009/api/tracks | Received HTTP response after 104.6152ms - OK 
2019-12-21 12:09:56.7643 | INFO | System.Net.Http.HttpClient.IYandexMusicClient.ClientHandler | http://localhost:57009/api/tracks | Received HTTP response after 104.6152ms - OK 
2019-12-21 12:09:56.7643 | INFO | System.Net.Http.HttpClient.IYandexMusicClient.LogicalHandler | http://localhost:57009/api/tracks | End processing HTTP request after 108.1051ms - OK 
2019-12-21 12:09:56.7643 | INFO | System.Net.Http.HttpClient.IYandexMusicClient.LogicalHandler | http://localhost:57009/api/tracks | End processing HTTP request after 108.1051ms - OK 
2019-12-21 12:09:57.7887 | INFO | System.Net.Http.HttpClient.IYandexMusicClient.LogicalHandler | http://localhost:57009/api/tracks | Start processing HTTP request GET https://music.yandex.ru/api/v2.1/handlers/track/27034367/track/download/m?hq=1 
2019-12-21 12:09:57.7887 | INFO | System.Net.Http.HttpClient.IYandexMusicClient.LogicalHandler | http://localhost:57009/api/tracks | Start processing HTTP request GET https://music.yandex.ru/api/v2.1/handlers/track/27034367/track/download/m?hq=1 
2019-12-21 12:09:57.7887 | INFO | System.Net.Http.HttpClient.IYandexMusicClient.ClientHandler | http://localhost:57009/api/tracks | Sending HTTP request GET https://music.yandex.ru/api/v2.1/handlers/track/27034367/track/download/m?hq=1 
2019-12-21 12:09:57.7887 | INFO | System.Net.Http.HttpClient.IYandexMusicClient.ClientHandler | http://localhost:57009/api/tracks | Sending HTTP request GET https://music.yandex.ru/api/v2.1/handlers/track/27034367/track/download/m?hq=1 
2019-12-21 12:09:57.8420 | INFO | System.Net.Http.HttpClient.IYandexMusicClient.ClientHandler | http://localhost:57009/api/tracks | Received HTTP response after 49.4963ms - OK 
2019-12-21 12:09:57.8420 | INFO | System.Net.Http.HttpClient.IYandexMusicClient.ClientHandler | http://localhost:57009/api/tracks | Received HTTP response after 49.4963ms - OK 
2019-12-21 12:09:57.8420 | INFO | System.Net.Http.HttpClient.IYandexMusicClient.LogicalHandler | http://localhost:57009/api/tracks | End processing HTTP request after 58.8225ms - OK 
2019-12-21 12:09:57.8495 | INFO | System.Net.Http.HttpClient.IYandexMusicClient.LogicalHandler | http://localhost:57009/api/tracks | End processing HTTP request after 58.8225ms - OK 
2019-12-21 12:09:57.8495 | INFO | System.Net.Http.HttpClient.IYandexMusicClient.LogicalHandler | http://localhost:57009/api/tracks | Start processing HTTP request GET https://storage.mds.yandex.net/file-download-info/53896_7e038fc9.44809076.1.27034367/2?sign=f6b61c9e65f07423380f97c464e03651adac98b0c923c8017fef2f3ee841244f&ts=5dfde1a0&format=json 
2019-12-21 12:09:57.8495 | INFO | System.Net.Http.HttpClient.IYandexMusicClient.LogicalHandler | http://localhost:57009/api/tracks | Start processing HTTP request GET https://storage.mds.yandex.net/file-download-info/53896_7e038fc9.44809076.1.27034367/2?sign=f6b61c9e65f07423380f97c464e03651adac98b0c923c8017fef2f3ee841244f&ts=5dfde1a0&format=json 
2019-12-21 12:09:57.8495 | INFO | System.Net.Http.HttpClient.IYandexMusicClient.ClientHandler | http://localhost:57009/api/tracks | Sending HTTP request GET https://storage.mds.yandex.net/file-download-info/53896_7e038fc9.44809076.1.27034367/2?sign=f6b61c9e65f07423380f97c464e03651adac98b0c923c8017fef2f3ee841244f&ts=5dfde1a0&format=json 
2019-12-21 12:09:57.8648 | INFO | System.Net.Http.HttpClient.IYandexMusicClient.ClientHandler | http://localhost:57009/api/tracks | Sending HTTP request GET https://storage.mds.yandex.net/file-download-info/53896_7e038fc9.44809076.1.27034367/2?sign=f6b61c9e65f07423380f97c464e03651adac98b0c923c8017fef2f3ee841244f&ts=5dfde1a0&format=json 
2019-12-21 12:09:57.9078 | INFO | System.Net.Http.HttpClient.IYandexMusicClient.ClientHandler | http://localhost:57009/api/tracks | Received HTTP response after 45.2886ms - OK 
2019-12-21 12:09:57.9078 | INFO | System.Net.Http.HttpClient.IYandexMusicClient.ClientHandler | http://localhost:57009/api/tracks | Received HTTP response after 45.2886ms - OK 
2019-12-21 12:09:57.9078 | INFO | System.Net.Http.HttpClient.IYandexMusicClient.LogicalHandler | http://localhost:57009/api/tracks | End processing HTTP request after 54.5369ms - OK 
2019-12-21 12:09:57.9112 | INFO | System.Net.Http.HttpClient.IYandexMusicClient.LogicalHandler | http://localhost:57009/api/tracks | End processing HTTP request after 54.5369ms - OK 
2019-12-21 12:10:38.8011 | ERROR | Microsoft.AspNetCore.Server.IIS.Core.IISHttpServer | http://localhost:57009/api/test/error | Connection ID "18374686489872171011", Request ID "80000007-0002-ff00-b63f-84710c7967bb": An unhandled exception was thrown by the application. System.Exception: Error message
   at Musili.WebApi.Controllers.TestController.Error() in D:\dev\musili\src\WebApi\Controllers\TestController.cs:line 41
   at lambda_method(Closure , Object , Object[] )
   at Microsoft.Extensions.Internal.ObjectMethodExecutor.Execute(Object target, Object[] parameters)
   at Microsoft.AspNetCore.Mvc.Infrastructure.ActionMethodExecutor.SyncObjectResultExecutor.Execute(IActionResultTypeMapper mapper, ObjectMethodExecutor executor, Object controller, Object[] arguments)
   at Microsoft.AspNetCore.Mvc.Infrastructure.ControllerActionInvoker.InvokeActionMethodAsync()
   at Microsoft.AspNetCore.Mvc.Infrastructure.ControllerActionInvoker.Next(State& next, Scope& scope, Object& state, Boolean& isCompleted)
   at Microsoft.AspNetCore.Mvc.Infrastructure.ControllerActionInvoker.InvokeNextActionFilterAsync()
--- End of stack trace from previous location where exception was thrown ---
   at Microsoft.AspNetCore.Mvc.Infrastructure.ControllerActionInvoker.Rethrow(ActionExecutedContextSealed context)
   at Microsoft.AspNetCore.Mvc.Infrastructure.ControllerActionInvoker.Next(State& next, Scope& scope, Object& state, Boolean& isCompleted)
   at Microsoft.AspNetCore.Mvc.Infrastructure.ControllerActionInvoker.InvokeInnerFilterAsync()
--- End of stack trace from previous location where exception was thrown ---
   at Microsoft.AspNetCore.Mvc.Infrastructure.ResourceInvoker.<InvokeNextResourceFilter>g__Awaited|24_0(ResourceInvoker invoker, Task lastTask, State next, Scope scope, Object state, Boolean isCompleted)
   at Microsoft.AspNetCore.Mvc.Infrastructure.ResourceInvoker.Rethrow(ResourceExecutedContextSealed context)
   at Microsoft.AspNetCore.Mvc.Infrastructure.ResourceInvoker.Next(State& next, Scope& scope, Object& state, Boolean& isCompleted)
   at Microsoft.AspNetCore.Mvc.Infrastructure.ResourceInvoker.InvokeFilterPipelineAsync()
--- End of stack trace from previous location where exception was thrown ---
   at Microsoft.AspNetCore.Mvc.Infrastructure.ResourceInvoker.<InvokeAsync>g__Awaited|17_0(ResourceInvoker invoker, Task task, IDisposable scope)
   at Microsoft.AspNetCore.Routing.EndpointMiddleware.<Invoke>g__AwaitRequestTask|6_0(Endpoint endpoint, Task requestTask, ILogger logger)
   at Microsoft.AspNetCore.Server.IIS.Core.IISHttpContextOfT`1.ProcessRequestAsync()
2019-12-21 12:10:38.8152 | ERROR | Microsoft.AspNetCore.Server.IIS.Core.IISHttpServer | http://localhost:57009/api/test/error | Connection ID "18374686489872171011", Request ID "80000007-0002-ff00-b63f-84710c7967bb": An unhandled exception was thrown by the application. System.Exception: Error message
   at Musili.WebApi.Controllers.TestController.Error() in D:\dev\musili\src\WebApi\Controllers\TestController.cs:line 41
   at lambda_method(Closure , Object , Object[] )
   at Microsoft.Extensions.Internal.ObjectMethodExecutor.Execute(Object target, Object[] parameters)
   at Microsoft.AspNetCore.Mvc.Infrastructure.ActionMethodExecutor.SyncObjectResultExecutor.Execute(IActionResultTypeMapper mapper, ObjectMethodExecutor executor, Object controller, Object[] arguments)
   at Microsoft.AspNetCore.Mvc.Infrastructure.ControllerActionInvoker.InvokeActionMethodAsync()
   at Microsoft.AspNetCore.Mvc.Infrastructure.ControllerActionInvoker.Next(State& next, Scope& scope, Object& state, Boolean& isCompleted)
   at Microsoft.AspNetCore.Mvc.Infrastructure.ControllerActionInvoker.InvokeNextActionFilterAsync()
--- End of stack trace from previous location where exception was thrown ---
   at Microsoft.AspNetCore.Mvc.Infrastructure.ControllerActionInvoker.Rethrow(ActionExecutedContextSealed context)
   at Microsoft.AspNetCore.Mvc.Infrastructure.ControllerActionInvoker.Next(State& next, Scope& scope, Object& state, Boolean& isCompleted)
   at Microsoft.AspNetCore.Mvc.Infrastructure.ControllerActionInvoker.InvokeInnerFilterAsync()
--- End of stack trace from previous location where exception was thrown ---
   at Microsoft.AspNetCore.Mvc.Infrastructure.ResourceInvoker.<InvokeNextResourceFilter>g__Awaited|24_0(ResourceInvoker invoker, Task lastTask, State next, Scope scope, Object state, Boolean isCompleted)
   at Microsoft.AspNetCore.Mvc.Infrastructure.ResourceInvoker.Rethrow(ResourceExecutedContextSealed context)
   at Microsoft.AspNetCore.Mvc.Infrastructure.ResourceInvoker.Next(State& next, Scope& scope, Object& state, Boolean& isCompleted)
   at Microsoft.AspNetCore.Mvc.Infrastructure.ResourceInvoker.InvokeFilterPipelineAsync()
--- End of stack trace from previous location where exception was thrown ---
   at Microsoft.AspNetCore.Mvc.Infrastructure.ResourceInvoker.<InvokeAsync>g__Awaited|17_0(ResourceInvoker invoker, Task task, IDisposable scope)
   at Microsoft.AspNetCore.Routing.EndpointMiddleware.<Invoke>g__AwaitRequestTask|6_0(Endpoint endpoint, Task requestTask, ILogger logger)
   at Microsoft.AspNetCore.Server.IIS.Core.IISHttpContextOfT`1.ProcessRequestAsync()
2019-12-21 12:12:03.0185 | INFO | System.Net.Http.HttpClient.IYandexMusicClient.LogicalHandler |  | Start processing HTTP request GET https://music.yandex.ru/handlers/playlist.jsx?owner=music.partners&kinds=1073&light=true&lang=ru&external-domain=music.yandex.ru&overembed=false&ncrnd=0.5872919215747372 
2019-12-21 12:12:03.0287 | INFO | System.Net.Http.HttpClient.IYandexMusicClient.LogicalHandler |  | Start processing HTTP request GET https://music.yandex.ru/handlers/playlist.jsx?owner=music.partners&kinds=1073&light=true&lang=ru&external-domain=music.yandex.ru&overembed=false&ncrnd=0.5872919215747372 
2019-12-21 12:12:03.0453 | INFO | System.Net.Http.HttpClient.IYandexMusicClient.ClientHandler |  | Sending HTTP request GET https://music.yandex.ru/handlers/playlist.jsx?owner=music.partners&kinds=1073&light=true&lang=ru&external-domain=music.yandex.ru&overembed=false&ncrnd=0.5872919215747372 
2019-12-21 12:12:03.0453 | INFO | System.Net.Http.HttpClient.IYandexMusicClient.ClientHandler |  | Sending HTTP request GET https://music.yandex.ru/handlers/playlist.jsx?owner=music.partners&kinds=1073&light=true&lang=ru&external-domain=music.yandex.ru&overembed=false&ncrnd=0.5872919215747372 
2019-12-21 12:12:03.5534 | INFO | System.Net.Http.HttpClient.IYandexMusicClient.ClientHandler |  | Received HTTP response after 503.3925ms - OK 
2019-12-21 12:12:03.5534 | INFO | System.Net.Http.HttpClient.IYandexMusicClient.ClientHandler |  | Received HTTP response after 503.3925ms - OK 
2019-12-21 12:12:03.5534 | INFO | System.Net.Http.HttpClient.IYandexMusicClient.LogicalHandler |  | End processing HTTP request after 547.5084ms - OK 
2019-12-21 12:12:03.5534 | INFO | System.Net.Http.HttpClient.IYandexMusicClient.LogicalHandler |  | End processing HTTP request after 547.5084ms - OK 
2019-12-21 12:12:03.6215 | INFO | System.Net.Http.HttpClient.IYandexMusicClient.LogicalHandler |  | Start processing HTTP request GET https://music.yandex.ru/api/v2.1/handlers/tracks?tracks=4523345,83904 
2019-12-21 12:12:03.6215 | INFO | System.Net.Http.HttpClient.IYandexMusicClient.LogicalHandler |  | Start processing HTTP request GET https://music.yandex.ru/api/v2.1/handlers/tracks?tracks=4523345,83904 
2019-12-21 12:12:03.6304 | INFO | System.Net.Http.HttpClient.IYandexMusicClient.ClientHandler |  | Sending HTTP request GET https://music.yandex.ru/api/v2.1/handlers/tracks?tracks=4523345,83904 
2019-12-21 12:12:03.6304 | INFO | System.Net.Http.HttpClient.IYandexMusicClient.ClientHandler |  | Sending HTTP request GET https://music.yandex.ru/api/v2.1/handlers/tracks?tracks=4523345,83904 
2019-12-21 12:12:03.6714 | INFO | System.Net.Http.HttpClient.IYandexMusicClient.ClientHandler |  | Received HTTP response after 41.0324ms - OK 
2019-12-21 12:12:03.6714 | INFO | System.Net.Http.HttpClient.IYandexMusicClient.ClientHandler |  | Received HTTP response after 41.0324ms - OK 
2019-12-21 12:12:03.6714 | INFO | System.Net.Http.HttpClient.IYandexMusicClient.LogicalHandler |  | End processing HTTP request after 44.5926ms - OK 
2019-12-21 12:12:03.6714 | INFO | System.Net.Http.HttpClient.IYandexMusicClient.LogicalHandler |  | End processing HTTP request after 44.5926ms - OK 
2019-12-21 12:12:03.6793 | INFO | System.Net.Http.HttpClient.IYandexMusicClient.LogicalHandler |  | Start processing HTTP request GET https://music.yandex.ru/api/v2.1/handlers/track/4523345/track/download/m?hq=1 
2019-12-21 12:12:03.6793 | INFO | System.Net.Http.HttpClient.IYandexMusicClient.LogicalHandler |  | Start processing HTTP request GET https://music.yandex.ru/api/v2.1/handlers/track/4523345/track/download/m?hq=1 
2019-12-21 12:12:03.6793 | INFO | System.Net.Http.HttpClient.IYandexMusicClient.ClientHandler |  | Sending HTTP request GET https://music.yandex.ru/api/v2.1/handlers/track/4523345/track/download/m?hq=1 
2019-12-21 12:12:03.6793 | INFO | System.Net.Http.HttpClient.IYandexMusicClient.ClientHandler |  | Sending HTTP request GET https://music.yandex.ru/api/v2.1/handlers/track/4523345/track/download/m?hq=1 
2019-12-21 12:12:03.7542 | INFO | System.Net.Http.HttpClient.IYandexMusicClient.ClientHandler |  | Received HTTP response after 73.3308ms - OK 
2019-12-21 12:12:03.7553 | INFO | System.Net.Http.HttpClient.IYandexMusicClient.ClientHandler |  | Received HTTP response after 73.3308ms - OK 
2019-12-21 12:12:03.7553 | INFO | System.Net.Http.HttpClient.IYandexMusicClient.LogicalHandler |  | End processing HTTP request after 76.7899ms - OK 
2019-12-21 12:12:03.7553 | INFO | System.Net.Http.HttpClient.IYandexMusicClient.LogicalHandler |  | End processing HTTP request after 76.7899ms - OK 
2019-12-21 12:12:03.7553 | INFO | System.Net.Http.HttpClient.IYandexMusicClient.LogicalHandler |  | Start processing HTTP request GET https://storage.mds.yandex.net/file-download-info/49160_009dfea4.6042494.1.4523345/2?sign=a2332a326491603bade1583080fc4a08fb6fcc12561306b0813e59eef88d2c62&ts=5dfde21e&format=json 
2019-12-21 12:12:03.7553 | INFO | System.Net.Http.HttpClient.IYandexMusicClient.LogicalHandler |  | Start processing HTTP request GET https://storage.mds.yandex.net/file-download-info/49160_009dfea4.6042494.1.4523345/2?sign=a2332a326491603bade1583080fc4a08fb6fcc12561306b0813e59eef88d2c62&ts=5dfde21e&format=json 
2019-12-21 12:12:03.7553 | INFO | System.Net.Http.HttpClient.IYandexMusicClient.ClientHandler |  | Sending HTTP request GET https://storage.mds.yandex.net/file-download-info/49160_009dfea4.6042494.1.4523345/2?sign=a2332a326491603bade1583080fc4a08fb6fcc12561306b0813e59eef88d2c62&ts=5dfde21e&format=json 
2019-12-21 12:12:03.7553 | INFO | System.Net.Http.HttpClient.IYandexMusicClient.ClientHandler |  | Sending HTTP request GET https://storage.mds.yandex.net/file-download-info/49160_009dfea4.6042494.1.4523345/2?sign=a2332a326491603bade1583080fc4a08fb6fcc12561306b0813e59eef88d2c62&ts=5dfde21e&format=json 
2019-12-21 12:12:03.8651 | INFO | System.Net.Http.HttpClient.IYandexMusicClient.ClientHandler |  | Received HTTP response after 105.6247ms - OK 
2019-12-21 12:12:03.8651 | INFO | System.Net.Http.HttpClient.IYandexMusicClient.ClientHandler |  | Received HTTP response after 105.6247ms - OK 
2019-12-21 12:12:03.8651 | INFO | System.Net.Http.HttpClient.IYandexMusicClient.LogicalHandler |  | End processing HTTP request after 112.0273ms - OK 
2019-12-21 12:12:03.8651 | INFO | System.Net.Http.HttpClient.IYandexMusicClient.LogicalHandler |  | End processing HTTP request after 112.0273ms - OK 
2019-12-21 12:12:04.9059 | INFO | System.Net.Http.HttpClient.IYandexMusicClient.LogicalHandler |  | Start processing HTTP request GET https://music.yandex.ru/api/v2.1/handlers/track/83904/track/download/m?hq=1 
2019-12-21 12:12:04.9059 | INFO | System.Net.Http.HttpClient.IYandexMusicClient.LogicalHandler |  | Start processing HTTP request GET https://music.yandex.ru/api/v2.1/handlers/track/83904/track/download/m?hq=1 
2019-12-21 12:12:04.9059 | INFO | System.Net.Http.HttpClient.IYandexMusicClient.ClientHandler |  | Sending HTTP request GET https://music.yandex.ru/api/v2.1/handlers/track/83904/track/download/m?hq=1 
2019-12-21 12:12:04.9059 | INFO | System.Net.Http.HttpClient.IYandexMusicClient.ClientHandler |  | Sending HTTP request GET https://music.yandex.ru/api/v2.1/handlers/track/83904/track/download/m?hq=1 
2019-12-21 12:12:04.9980 | INFO | System.Net.Http.HttpClient.IYandexMusicClient.ClientHandler |  | Received HTTP response after 88.9631ms - OK 
2019-12-21 12:12:04.9980 | INFO | System.Net.Http.HttpClient.IYandexMusicClient.ClientHandler |  | Received HTTP response after 88.9631ms - OK 
2019-12-21 12:12:04.9980 | INFO | System.Net.Http.HttpClient.IYandexMusicClient.LogicalHandler |  | End processing HTTP request after 95.0674ms - OK 
2019-12-21 12:12:04.9980 | INFO | System.Net.Http.HttpClient.IYandexMusicClient.LogicalHandler |  | End processing HTTP request after 95.0674ms - OK 
2019-12-21 12:12:04.9980 | INFO | System.Net.Http.HttpClient.IYandexMusicClient.LogicalHandler |  | Start processing HTTP request GET https://storage.mds.yandex.net/file-download-info/1390882_ae201109.65156303.1.83904/2?sign=d729e604e4f9514bb5444fb872db626c4bb90104d2b0d1f203bcdd981ec23280&ts=5dfde21f&format=json 
2019-12-21 12:12:04.9980 | INFO | System.Net.Http.HttpClient.IYandexMusicClient.LogicalHandler |  | Start processing HTTP request GET https://storage.mds.yandex.net/file-download-info/1390882_ae201109.65156303.1.83904/2?sign=d729e604e4f9514bb5444fb872db626c4bb90104d2b0d1f203bcdd981ec23280&ts=5dfde21f&format=json 
2019-12-21 12:12:05.0052 | INFO | System.Net.Http.HttpClient.IYandexMusicClient.ClientHandler |  | Sending HTTP request GET https://storage.mds.yandex.net/file-download-info/1390882_ae201109.65156303.1.83904/2?sign=d729e604e4f9514bb5444fb872db626c4bb90104d2b0d1f203bcdd981ec23280&ts=5dfde21f&format=json 
2019-12-21 12:12:05.0052 | INFO | System.Net.Http.HttpClient.IYandexMusicClient.ClientHandler |  | Sending HTTP request GET https://storage.mds.yandex.net/file-download-info/1390882_ae201109.65156303.1.83904/2?sign=d729e604e4f9514bb5444fb872db626c4bb90104d2b0d1f203bcdd981ec23280&ts=5dfde21f&format=json 
2019-12-21 12:12:05.0729 | INFO | System.Net.Http.HttpClient.IYandexMusicClient.ClientHandler |  | Received HTTP response after 67.6757ms - OK 
2019-12-21 12:12:05.0729 | INFO | System.Net.Http.HttpClient.IYandexMusicClient.ClientHandler |  | Received HTTP response after 67.6757ms - OK 
2019-12-21 12:12:05.0729 | INFO | System.Net.Http.HttpClient.IYandexMusicClient.LogicalHandler |  | End processing HTTP request after 76.0374ms - OK 
2019-12-21 12:12:05.0729 | INFO | System.Net.Http.HttpClient.IYandexMusicClient.LogicalHandler |  | End processing HTTP request after 76.0374ms - OK 
2019-12-21 12:12:15.0259 | ERROR | Microsoft.AspNetCore.Server.IIS.Core.IISHttpServer | http://localhost:57009/api/test/error | Connection ID "18230571297501347841", Request ID "80000003-0001-fd00-b63f-84710c7967bb": An unhandled exception was thrown by the application. System.Exception: Error message
   at Musili.WebApi.Controllers.TestController.Error() in D:\dev\musili\src\WebApi\Controllers\TestController.cs:line 41
   at lambda_method(Closure , Object , Object[] )
   at Microsoft.Extensions.Internal.ObjectMethodExecutor.Execute(Object target, Object[] parameters)
   at Microsoft.AspNetCore.Mvc.Infrastructure.ActionMethodExecutor.SyncObjectResultExecutor.Execute(IActionResultTypeMapper mapper, ObjectMethodExecutor executor, Object controller, Object[] arguments)
   at Microsoft.AspNetCore.Mvc.Infrastructure.ControllerActionInvoker.InvokeActionMethodAsync()
   at Microsoft.AspNetCore.Mvc.Infrastructure.ControllerActionInvoker.Next(State& next, Scope& scope, Object& state, Boolean& isCompleted)
   at Microsoft.AspNetCore.Mvc.Infrastructure.ControllerActionInvoker.InvokeNextActionFilterAsync()
--- End of stack trace from previous location where exception was thrown ---
   at Microsoft.AspNetCore.Mvc.Infrastructure.ControllerActionInvoker.Rethrow(ActionExecutedContextSealed context)
   at Microsoft.AspNetCore.Mvc.Infrastructure.ControllerActionInvoker.Next(State& next, Scope& scope, Object& state, Boolean& isCompleted)
   at Microsoft.AspNetCore.Mvc.Infrastructure.ControllerActionInvoker.InvokeInnerFilterAsync()
--- End of stack trace from previous location where exception was thrown ---
   at Microsoft.AspNetCore.Mvc.Infrastructure.ResourceInvoker.<InvokeNextResourceFilter>g__Awaited|24_0(ResourceInvoker invoker, Task lastTask, State next, Scope scope, Object state, Boolean isCompleted)
   at Microsoft.AspNetCore.Mvc.Infrastructure.ResourceInvoker.Rethrow(ResourceExecutedContextSealed context)
   at Microsoft.AspNetCore.Mvc.Infrastructure.ResourceInvoker.Next(State& next, Scope& scope, Object& state, Boolean& isCompleted)
   at Microsoft.AspNetCore.Mvc.Infrastructure.ResourceInvoker.InvokeFilterPipelineAsync()
--- End of stack trace from previous location where exception was thrown ---
   at Microsoft.AspNetCore.Mvc.Infrastructure.ResourceInvoker.<InvokeAsync>g__Awaited|17_0(ResourceInvoker invoker, Task task, IDisposable scope)
   at Microsoft.AspNetCore.Routing.EndpointMiddleware.<Invoke>g__AwaitRequestTask|6_0(Endpoint endpoint, Task requestTask, ILogger logger)
   at Microsoft.AspNetCore.Server.IIS.Core.IISHttpContextOfT`1.ProcessRequestAsync()
2019-12-21 12:12:15.0754 | ERROR | Microsoft.AspNetCore.Server.IIS.Core.IISHttpServer | http://localhost:57009/api/test/error | Connection ID "18230571297501347841", Request ID "80000003-0001-fd00-b63f-84710c7967bb": An unhandled exception was thrown by the application. System.Exception: Error message
   at Musili.WebApi.Controllers.TestController.Error() in D:\dev\musili\src\WebApi\Controllers\TestController.cs:line 41
   at lambda_method(Closure , Object , Object[] )
   at Microsoft.Extensions.Internal.ObjectMethodExecutor.Execute(Object target, Object[] parameters)
   at Microsoft.AspNetCore.Mvc.Infrastructure.ActionMethodExecutor.SyncObjectResultExecutor.Execute(IActionResultTypeMapper mapper, ObjectMethodExecutor executor, Object controller, Object[] arguments)
   at Microsoft.AspNetCore.Mvc.Infrastructure.ControllerActionInvoker.InvokeActionMethodAsync()
   at Microsoft.AspNetCore.Mvc.Infrastructure.ControllerActionInvoker.Next(State& next, Scope& scope, Object& state, Boolean& isCompleted)
   at Microsoft.AspNetCore.Mvc.Infrastructure.ControllerActionInvoker.InvokeNextActionFilterAsync()
--- End of stack trace from previous location where exception was thrown ---
   at Microsoft.AspNetCore.Mvc.Infrastructure.ControllerActionInvoker.Rethrow(ActionExecutedContextSealed context)
   at Microsoft.AspNetCore.Mvc.Infrastructure.ControllerActionInvoker.Next(State& next, Scope& scope, Object& state, Boolean& isCompleted)
   at Microsoft.AspNetCore.Mvc.Infrastructure.ControllerActionInvoker.InvokeInnerFilterAsync()
--- End of stack trace from previous location where exception was thrown ---
   at Microsoft.AspNetCore.Mvc.Infrastructure.ResourceInvoker.<InvokeNextResourceFilter>g__Awaited|24_0(ResourceInvoker invoker, Task lastTask, State next, Scope scope, Object state, Boolean isCompleted)
   at Microsoft.AspNetCore.Mvc.Infrastructure.ResourceInvoker.Rethrow(ResourceExecutedContextSealed context)
   at Microsoft.AspNetCore.Mvc.Infrastructure.ResourceInvoker.Next(State& next, Scope& scope, Object& state, Boolean& isCompleted)
   at Microsoft.AspNetCore.Mvc.Infrastructure.ResourceInvoker.InvokeFilterPipelineAsync()
--- End of stack trace from previous location where exception was thrown ---
   at Microsoft.AspNetCore.Mvc.Infrastructure.ResourceInvoker.<InvokeAsync>g__Awaited|17_0(ResourceInvoker invoker, Task task, IDisposable scope)
   at Microsoft.AspNetCore.Routing.EndpointMiddleware.<Invoke>g__AwaitRequestTask|6_0(Endpoint endpoint, Task requestTask, ILogger logger)
   at Microsoft.AspNetCore.Server.IIS.Core.IISHttpContextOfT`1.ProcessRequestAsync()
2019-12-21 12:12:35.9521 | INFO | System.Net.Http.HttpClient.IYandexMusicClient.LogicalHandler |  | Start processing HTTP request GET https://music.yandex.ru/handlers/playlist.jsx?owner=dec.83&kinds=1000&light=true&lang=ru&external-domain=music.yandex.ru&overembed=false&ncrnd=0.5872919215747372 
2019-12-21 12:12:35.9746 | INFO | System.Net.Http.HttpClient.IYandexMusicClient.LogicalHandler |  | Start processing HTTP request GET https://music.yandex.ru/handlers/playlist.jsx?owner=dec.83&kinds=1000&light=true&lang=ru&external-domain=music.yandex.ru&overembed=false&ncrnd=0.5872919215747372 
2019-12-21 12:12:36.0137 | INFO | System.Net.Http.HttpClient.IYandexMusicClient.ClientHandler |  | Sending HTTP request GET https://music.yandex.ru/handlers/playlist.jsx?owner=dec.83&kinds=1000&light=true&lang=ru&external-domain=music.yandex.ru&overembed=false&ncrnd=0.5872919215747372 
2019-12-21 12:12:36.0259 | INFO | System.Net.Http.HttpClient.IYandexMusicClient.ClientHandler |  | Sending HTTP request GET https://music.yandex.ru/handlers/playlist.jsx?owner=dec.83&kinds=1000&light=true&lang=ru&external-domain=music.yandex.ru&overembed=false&ncrnd=0.5872919215747372 
2019-12-21 12:12:36.5164 | INFO | System.Net.Http.HttpClient.IYandexMusicClient.ClientHandler |  | Received HTTP response after 498.3345ms - OK 
2019-12-21 12:12:36.5164 | INFO | System.Net.Http.HttpClient.IYandexMusicClient.ClientHandler |  | Received HTTP response after 498.3345ms - OK 
2019-12-21 12:12:36.5231 | INFO | System.Net.Http.HttpClient.IYandexMusicClient.LogicalHandler |  | End processing HTTP request after 578.6538ms - OK 
2019-12-21 12:12:36.5231 | INFO | System.Net.Http.HttpClient.IYandexMusicClient.LogicalHandler |  | End processing HTTP request after 578.6538ms - OK 
2019-12-21 12:12:36.6317 | INFO | System.Net.Http.HttpClient.IYandexMusicClient.LogicalHandler |  | Start processing HTTP request GET https://music.yandex.ru/api/v2.1/handlers/tracks?tracks=57649570,4412482 
2019-12-21 12:12:36.6317 | INFO | System.Net.Http.HttpClient.IYandexMusicClient.LogicalHandler |  | Start processing HTTP request GET https://music.yandex.ru/api/v2.1/handlers/tracks?tracks=57649570,4412482 
2019-12-21 12:12:36.6317 | INFO | System.Net.Http.HttpClient.IYandexMusicClient.ClientHandler |  | Sending HTTP request GET https://music.yandex.ru/api/v2.1/handlers/tracks?tracks=57649570,4412482 
2019-12-21 12:12:36.6317 | INFO | System.Net.Http.HttpClient.IYandexMusicClient.ClientHandler |  | Sending HTTP request GET https://music.yandex.ru/api/v2.1/handlers/tracks?tracks=57649570,4412482 
2019-12-21 12:12:36.7147 | INFO | System.Net.Http.HttpClient.IYandexMusicClient.ClientHandler |  | Received HTTP response after 81.2931ms - OK 
2019-12-21 12:12:36.7147 | INFO | System.Net.Http.HttpClient.IYandexMusicClient.ClientHandler |  | Received HTTP response after 81.2931ms - OK 
2019-12-21 12:12:36.7147 | INFO | System.Net.Http.HttpClient.IYandexMusicClient.LogicalHandler |  | End processing HTTP request after 85.0102ms - OK 
2019-12-21 12:12:36.7147 | INFO | System.Net.Http.HttpClient.IYandexMusicClient.LogicalHandler |  | End processing HTTP request after 85.0102ms - OK 
2019-12-21 12:12:36.7147 | INFO | System.Net.Http.HttpClient.IYandexMusicClient.LogicalHandler |  | Start processing HTTP request GET https://music.yandex.ru/api/v2.1/handlers/track/57649570/track/download/m?hq=1 
2019-12-21 12:12:36.7147 | INFO | System.Net.Http.HttpClient.IYandexMusicClient.LogicalHandler |  | Start processing HTTP request GET https://music.yandex.ru/api/v2.1/handlers/track/57649570/track/download/m?hq=1 
2019-12-21 12:12:36.7147 | INFO | System.Net.Http.HttpClient.IYandexMusicClient.ClientHandler |  | Sending HTTP request GET https://music.yandex.ru/api/v2.1/handlers/track/57649570/track/download/m?hq=1 
2019-12-21 12:12:36.7241 | INFO | System.Net.Http.HttpClient.IYandexMusicClient.ClientHandler |  | Sending HTTP request GET https://music.yandex.ru/api/v2.1/handlers/track/57649570/track/download/m?hq=1 
2019-12-21 12:12:36.7996 | INFO | System.Net.Http.HttpClient.IYandexMusicClient.ClientHandler |  | Received HTTP response after 76.0382ms - OK 
2019-12-21 12:12:36.7996 | INFO | System.Net.Http.HttpClient.IYandexMusicClient.ClientHandler |  | Received HTTP response after 76.0382ms - OK 
2019-12-21 12:12:36.8046 | INFO | System.Net.Http.HttpClient.IYandexMusicClient.LogicalHandler |  | End processing HTTP request after 82.4705ms - OK 
2019-12-21 12:12:36.8046 | INFO | System.Net.Http.HttpClient.IYandexMusicClient.LogicalHandler |  | End processing HTTP request after 82.4705ms - OK 
2019-12-21 12:12:36.8046 | INFO | System.Net.Http.HttpClient.IYandexMusicClient.LogicalHandler |  | Start processing HTTP request GET https://storage.mds.yandex.net/file-download-info/1530386_748e2ae2.85726256.1.57649570/2?sign=0c8094edcc2f66b54c78fbb869cd3b0294130a9e39294e02cd64f6f185857b4c&ts=5dfde23f&format=json 
2019-12-21 12:12:36.8046 | INFO | System.Net.Http.HttpClient.IYandexMusicClient.LogicalHandler |  | Start processing HTTP request GET https://storage.mds.yandex.net/file-download-info/1530386_748e2ae2.85726256.1.57649570/2?sign=0c8094edcc2f66b54c78fbb869cd3b0294130a9e39294e02cd64f6f185857b4c&ts=5dfde23f&format=json 
2019-12-21 12:12:36.8046 | INFO | System.Net.Http.HttpClient.IYandexMusicClient.ClientHandler |  | Sending HTTP request GET https://storage.mds.yandex.net/file-download-info/1530386_748e2ae2.85726256.1.57649570/2?sign=0c8094edcc2f66b54c78fbb869cd3b0294130a9e39294e02cd64f6f185857b4c&ts=5dfde23f&format=json 
2019-12-21 12:12:36.8046 | INFO | System.Net.Http.HttpClient.IYandexMusicClient.ClientHandler |  | Sending HTTP request GET https://storage.mds.yandex.net/file-download-info/1530386_748e2ae2.85726256.1.57649570/2?sign=0c8094edcc2f66b54c78fbb869cd3b0294130a9e39294e02cd64f6f185857b4c&ts=5dfde23f&format=json 
2019-12-21 12:12:36.9830 | INFO | System.Net.Http.HttpClient.IYandexMusicClient.ClientHandler |  | Received HTTP response after 168.7872ms - OK 
2019-12-21 12:12:36.9830 | INFO | System.Net.Http.HttpClient.IYandexMusicClient.ClientHandler |  | Received HTTP response after 168.7872ms - OK 
2019-12-21 12:12:36.9830 | INFO | System.Net.Http.HttpClient.IYandexMusicClient.LogicalHandler |  | End processing HTTP request after 178.0378ms - OK 
2019-12-21 12:12:36.9904 | INFO | System.Net.Http.HttpClient.IYandexMusicClient.LogicalHandler |  | End processing HTTP request after 178.0378ms - OK 
2019-12-21 12:12:38.0154 | INFO | System.Net.Http.HttpClient.IYandexMusicClient.LogicalHandler |  | Start processing HTTP request GET https://music.yandex.ru/api/v2.1/handlers/track/4412482/track/download/m?hq=1 
2019-12-21 12:12:38.0154 | INFO | System.Net.Http.HttpClient.IYandexMusicClient.LogicalHandler |  | Start processing HTTP request GET https://music.yandex.ru/api/v2.1/handlers/track/4412482/track/download/m?hq=1 
2019-12-21 12:12:38.0243 | INFO | System.Net.Http.HttpClient.IYandexMusicClient.ClientHandler |  | Sending HTTP request GET https://music.yandex.ru/api/v2.1/handlers/track/4412482/track/download/m?hq=1 
2019-12-21 12:12:38.0243 | INFO | System.Net.Http.HttpClient.IYandexMusicClient.ClientHandler |  | Sending HTTP request GET https://music.yandex.ru/api/v2.1/handlers/track/4412482/track/download/m?hq=1 
2019-12-21 12:12:38.2290 | INFO | System.Net.Http.HttpClient.IYandexMusicClient.ClientHandler |  | Received HTTP response after 204.2369ms - OK 
2019-12-21 12:12:38.2290 | INFO | System.Net.Http.HttpClient.IYandexMusicClient.ClientHandler |  | Received HTTP response after 204.2369ms - OK 
2019-12-21 12:12:38.2290 | INFO | System.Net.Http.HttpClient.IYandexMusicClient.LogicalHandler |  | End processing HTTP request after 223.4163ms - OK 
2019-12-21 12:12:38.2426 | INFO | System.Net.Http.HttpClient.IYandexMusicClient.LogicalHandler |  | End processing HTTP request after 223.4163ms - OK 
2019-12-21 12:12:38.2426 | INFO | System.Net.Http.HttpClient.IYandexMusicClient.LogicalHandler |  | Start processing HTTP request GET https://storage.mds.yandex.net/file-download-info/42697_47251238.5907297.1.4412482/2?sign=34826561c95de2246ffe83ea8a2380311ca60bd8b65e9cc5d6526b5f7c651abd&ts=5dfde240&format=json 
2019-12-21 12:12:38.2559 | INFO | System.Net.Http.HttpClient.IYandexMusicClient.LogicalHandler |  | Start processing HTTP request GET https://storage.mds.yandex.net/file-download-info/42697_47251238.5907297.1.4412482/2?sign=34826561c95de2246ffe83ea8a2380311ca60bd8b65e9cc5d6526b5f7c651abd&ts=5dfde240&format=json 
2019-12-21 12:12:38.2559 | INFO | System.Net.Http.HttpClient.IYandexMusicClient.ClientHandler |  | Sending HTTP request GET https://storage.mds.yandex.net/file-download-info/42697_47251238.5907297.1.4412482/2?sign=34826561c95de2246ffe83ea8a2380311ca60bd8b65e9cc5d6526b5f7c651abd&ts=5dfde240&format=json 
2019-12-21 12:12:38.2559 | INFO | System.Net.Http.HttpClient.IYandexMusicClient.ClientHandler |  | Sending HTTP request GET https://storage.mds.yandex.net/file-download-info/42697_47251238.5907297.1.4412482/2?sign=34826561c95de2246ffe83ea8a2380311ca60bd8b65e9cc5d6526b5f7c651abd&ts=5dfde240&format=json 
2019-12-21 12:12:38.3467 | INFO | System.Net.Http.HttpClient.IYandexMusicClient.ClientHandler |  | Received HTTP response after 86.8491ms - OK 
2019-12-21 12:12:38.3510 | INFO | System.Net.Http.HttpClient.IYandexMusicClient.ClientHandler |  | Received HTTP response after 86.8491ms - OK 
2019-12-21 12:12:38.3510 | INFO | System.Net.Http.HttpClient.IYandexMusicClient.LogicalHandler |  | End processing HTTP request after 102.4163ms - OK 
2019-12-21 12:12:38.3510 | INFO | System.Net.Http.HttpClient.IYandexMusicClient.LogicalHandler |  | End processing HTTP request after 102.4163ms - OK 
2019-12-21 12:12:50.8726 | ERROR | Microsoft.AspNetCore.Server.IIS.Core.IISHttpServer | http://localhost:57009/api/test/error | Connection ID "18302628891539275780", Request ID "8000000a-0001-fe00-b63f-84710c7967bb": An unhandled exception was thrown by the application. System.Exception: Error message
   at Musili.WebApi.Controllers.TestController.Error() in D:\dev\musili\src\WebApi\Controllers\TestController.cs:line 41
   at lambda_method(Closure , Object , Object[] )
   at Microsoft.Extensions.Internal.ObjectMethodExecutor.Execute(Object target, Object[] parameters)
   at Microsoft.AspNetCore.Mvc.Infrastructure.ActionMethodExecutor.SyncObjectResultExecutor.Execute(IActionResultTypeMapper mapper, ObjectMethodExecutor executor, Object controller, Object[] arguments)
   at Microsoft.AspNetCore.Mvc.Infrastructure.ControllerActionInvoker.InvokeActionMethodAsync()
   at Microsoft.AspNetCore.Mvc.Infrastructure.ControllerActionInvoker.Next(State& next, Scope& scope, Object& state, Boolean& isCompleted)
   at Microsoft.AspNetCore.Mvc.Infrastructure.ControllerActionInvoker.InvokeNextActionFilterAsync()
--- End of stack trace from previous location where exception was thrown ---
   at Microsoft.AspNetCore.Mvc.Infrastructure.ControllerActionInvoker.Rethrow(ActionExecutedContextSealed context)
   at Microsoft.AspNetCore.Mvc.Infrastructure.ControllerActionInvoker.Next(State& next, Scope& scope, Object& state, Boolean& isCompleted)
   at Microsoft.AspNetCore.Mvc.Infrastructure.ControllerActionInvoker.InvokeInnerFilterAsync()
--- End of stack trace from previous location where exception was thrown ---
   at Microsoft.AspNetCore.Mvc.Infrastructure.ResourceInvoker.<InvokeNextResourceFilter>g__Awaited|24_0(ResourceInvoker invoker, Task lastTask, State next, Scope scope, Object state, Boolean isCompleted)
   at Microsoft.AspNetCore.Mvc.Infrastructure.ResourceInvoker.Rethrow(ResourceExecutedContextSealed context)
   at Microsoft.AspNetCore.Mvc.Infrastructure.ResourceInvoker.Next(State& next, Scope& scope, Object& state, Boolean& isCompleted)
   at Microsoft.AspNetCore.Mvc.Infrastructure.ResourceInvoker.InvokeFilterPipelineAsync()
--- End of stack trace from previous location where exception was thrown ---
   at Microsoft.AspNetCore.Mvc.Infrastructure.ResourceInvoker.<InvokeAsync>g__Awaited|17_0(ResourceInvoker invoker, Task task, IDisposable scope)
   at Microsoft.AspNetCore.Routing.EndpointMiddleware.<Invoke>g__AwaitRequestTask|6_0(Endpoint endpoint, Task requestTask, ILogger logger)
   at Microsoft.AspNetCore.Server.IIS.Core.IISHttpContextOfT`1.ProcessRequestAsync()
2019-12-21 12:12:50.9024 | ERROR | Microsoft.AspNetCore.Server.IIS.Core.IISHttpServer | http://localhost:57009/api/test/error | Connection ID "18302628891539275780", Request ID "8000000a-0001-fe00-b63f-84710c7967bb": An unhandled exception was thrown by the application. System.Exception: Error message
   at Musili.WebApi.Controllers.TestController.Error() in D:\dev\musili\src\WebApi\Controllers\TestController.cs:line 41
   at lambda_method(Closure , Object , Object[] )
   at Microsoft.Extensions.Internal.ObjectMethodExecutor.Execute(Object target, Object[] parameters)
   at Microsoft.AspNetCore.Mvc.Infrastructure.ActionMethodExecutor.SyncObjectResultExecutor.Execute(IActionResultTypeMapper mapper, ObjectMethodExecutor executor, Object controller, Object[] arguments)
   at Microsoft.AspNetCore.Mvc.Infrastructure.ControllerActionInvoker.InvokeActionMethodAsync()
   at Microsoft.AspNetCore.Mvc.Infrastructure.ControllerActionInvoker.Next(State& next, Scope& scope, Object& state, Boolean& isCompleted)
   at Microsoft.AspNetCore.Mvc.Infrastructure.ControllerActionInvoker.InvokeNextActionFilterAsync()
--- End of stack trace from previous location where exception was thrown ---
   at Microsoft.AspNetCore.Mvc.Infrastructure.ControllerActionInvoker.Rethrow(ActionExecutedContextSealed context)
   at Microsoft.AspNetCore.Mvc.Infrastructure.ControllerActionInvoker.Next(State& next, Scope& scope, Object& state, Boolean& isCompleted)
   at Microsoft.AspNetCore.Mvc.Infrastructure.ControllerActionInvoker.InvokeInnerFilterAsync()
--- End of stack trace from previous location where exception was thrown ---
   at Microsoft.AspNetCore.Mvc.Infrastructure.ResourceInvoker.<InvokeNextResourceFilter>g__Awaited|24_0(ResourceInvoker invoker, Task lastTask, State next, Scope scope, Object state, Boolean isCompleted)
   at Microsoft.AspNetCore.Mvc.Infrastructure.ResourceInvoker.Rethrow(ResourceExecutedContextSealed context)
   at Microsoft.AspNetCore.Mvc.Infrastructure.ResourceInvoker.Next(State& next, Scope& scope, Object& state, Boolean& isCompleted)
   at Microsoft.AspNetCore.Mvc.Infrastructure.ResourceInvoker.InvokeFilterPipelineAsync()
--- End of stack trace from previous location where exception was thrown ---
   at Microsoft.AspNetCore.Mvc.Infrastructure.ResourceInvoker.<InvokeAsync>g__Awaited|17_0(ResourceInvoker invoker, Task task, IDisposable scope)
   at Microsoft.AspNetCore.Routing.EndpointMiddleware.<Invoke>g__AwaitRequestTask|6_0(Endpoint endpoint, Task requestTask, ILogger logger)
   at Microsoft.AspNetCore.Server.IIS.Core.IISHttpContextOfT`1.ProcessRequestAsync()
2019-12-21 12:12:56.2633 | ERROR | Microsoft.AspNetCore.Server.IIS.Core.IISHttpServer | http://localhost:57009/api/test/error | Connection ID "18302628891539275780", Request ID "8000000b-0001-fe00-b63f-84710c7967bb": An unhandled exception was thrown by the application. System.Exception: Error message
   at Musili.WebApi.Controllers.TestController.Error() in D:\dev\musili\src\WebApi\Controllers\TestController.cs:line 41
   at lambda_method(Closure , Object , Object[] )
   at Microsoft.Extensions.Internal.ObjectMethodExecutor.Execute(Object target, Object[] parameters)
   at Microsoft.AspNetCore.Mvc.Infrastructure.ActionMethodExecutor.SyncObjectResultExecutor.Execute(IActionResultTypeMapper mapper, ObjectMethodExecutor executor, Object controller, Object[] arguments)
   at Microsoft.AspNetCore.Mvc.Infrastructure.ControllerActionInvoker.InvokeActionMethodAsync()
   at Microsoft.AspNetCore.Mvc.Infrastructure.ControllerActionInvoker.Next(State& next, Scope& scope, Object& state, Boolean& isCompleted)
   at Microsoft.AspNetCore.Mvc.Infrastructure.ControllerActionInvoker.InvokeNextActionFilterAsync()
--- End of stack trace from previous location where exception was thrown ---
   at Microsoft.AspNetCore.Mvc.Infrastructure.ControllerActionInvoker.Rethrow(ActionExecutedContextSealed context)
   at Microsoft.AspNetCore.Mvc.Infrastructure.ControllerActionInvoker.Next(State& next, Scope& scope, Object& state, Boolean& isCompleted)
   at Microsoft.AspNetCore.Mvc.Infrastructure.ControllerActionInvoker.InvokeInnerFilterAsync()
--- End of stack trace from previous location where exception was thrown ---
   at Microsoft.AspNetCore.Mvc.Infrastructure.ResourceInvoker.<InvokeNextResourceFilter>g__Awaited|24_0(ResourceInvoker invoker, Task lastTask, State next, Scope scope, Object state, Boolean isCompleted)
   at Microsoft.AspNetCore.Mvc.Infrastructure.ResourceInvoker.Rethrow(ResourceExecutedContextSealed context)
   at Microsoft.AspNetCore.Mvc.Infrastructure.ResourceInvoker.Next(State& next, Scope& scope, Object& state, Boolean& isCompleted)
   at Microsoft.AspNetCore.Mvc.Infrastructure.ResourceInvoker.InvokeFilterPipelineAsync()
--- End of stack trace from previous location where exception was thrown ---
   at Microsoft.AspNetCore.Mvc.Infrastructure.ResourceInvoker.<InvokeAsync>g__Awaited|17_0(ResourceInvoker invoker, Task task, IDisposable scope)
   at Microsoft.AspNetCore.Routing.EndpointMiddleware.<Invoke>g__AwaitRequestTask|6_0(Endpoint endpoint, Task requestTask, ILogger logger)
   at Microsoft.AspNetCore.Server.IIS.Core.IISHttpContextOfT`1.ProcessRequestAsync()
2019-12-21 12:12:56.2774 | ERROR | Microsoft.AspNetCore.Server.IIS.Core.IISHttpServer | http://localhost:57009/api/test/error | Connection ID "18302628891539275780", Request ID "8000000b-0001-fe00-b63f-84710c7967bb": An unhandled exception was thrown by the application. System.Exception: Error message
   at Musili.WebApi.Controllers.TestController.Error() in D:\dev\musili\src\WebApi\Controllers\TestController.cs:line 41
   at lambda_method(Closure , Object , Object[] )
   at Microsoft.Extensions.Internal.ObjectMethodExecutor.Execute(Object target, Object[] parameters)
   at Microsoft.AspNetCore.Mvc.Infrastructure.ActionMethodExecutor.SyncObjectResultExecutor.Execute(IActionResultTypeMapper mapper, ObjectMethodExecutor executor, Object controller, Object[] arguments)
   at Microsoft.AspNetCore.Mvc.Infrastructure.ControllerActionInvoker.InvokeActionMethodAsync()
   at Microsoft.AspNetCore.Mvc.Infrastructure.ControllerActionInvoker.Next(State& next, Scope& scope, Object& state, Boolean& isCompleted)
   at Microsoft.AspNetCore.Mvc.Infrastructure.ControllerActionInvoker.InvokeNextActionFilterAsync()
--- End of stack trace from previous location where exception was thrown ---
   at Microsoft.AspNetCore.Mvc.Infrastructure.ControllerActionInvoker.Rethrow(ActionExecutedContextSealed context)
   at Microsoft.AspNetCore.Mvc.Infrastructure.ControllerActionInvoker.Next(State& next, Scope& scope, Object& state, Boolean& isCompleted)
   at Microsoft.AspNetCore.Mvc.Infrastructure.ControllerActionInvoker.InvokeInnerFilterAsync()
--- End of stack trace from previous location where exception was thrown ---
   at Microsoft.AspNetCore.Mvc.Infrastructure.ResourceInvoker.<InvokeNextResourceFilter>g__Awaited|24_0(ResourceInvoker invoker, Task lastTask, State next, Scope scope, Object state, Boolean isCompleted)
   at Microsoft.AspNetCore.Mvc.Infrastructure.ResourceInvoker.Rethrow(ResourceExecutedContextSealed context)
   at Microsoft.AspNetCore.Mvc.Infrastructure.ResourceInvoker.Next(State& next, Scope& scope, Object& state, Boolean& isCompleted)
   at Microsoft.AspNetCore.Mvc.Infrastructure.ResourceInvoker.InvokeFilterPipelineAsync()
--- End of stack trace from previous location where exception was thrown ---
   at Microsoft.AspNetCore.Mvc.Infrastructure.ResourceInvoker.<InvokeAsync>g__Awaited|17_0(ResourceInvoker invoker, Task task, IDisposable scope)
   at Microsoft.AspNetCore.Routing.EndpointMiddleware.<Invoke>g__AwaitRequestTask|6_0(Endpoint endpoint, Task requestTask, ILogger logger)
   at Microsoft.AspNetCore.Server.IIS.Core.IISHttpContextOfT`1.ProcessRequestAsync()
2019-12-21 12:13:39.8088 | INFO | System.Net.Http.HttpClient.IYandexMusicClient.LogicalHandler |  | Start processing HTTP request GET https://music.yandex.ru/handlers/playlist.jsx?owner=Musili.Ru&kinds=1006&light=true&lang=ru&external-domain=music.yandex.ru&overembed=false&ncrnd=0.5872919215747372 
2019-12-21 12:13:39.8187 | INFO | System.Net.Http.HttpClient.IYandexMusicClient.LogicalHandler |  | Start processing HTTP request GET https://music.yandex.ru/handlers/playlist.jsx?owner=Musili.Ru&kinds=1006&light=true&lang=ru&external-domain=music.yandex.ru&overembed=false&ncrnd=0.5872919215747372 
2019-12-21 12:13:39.8469 | INFO | System.Net.Http.HttpClient.IYandexMusicClient.ClientHandler |  | Sending HTTP request GET https://music.yandex.ru/handlers/playlist.jsx?owner=Musili.Ru&kinds=1006&light=true&lang=ru&external-domain=music.yandex.ru&overembed=false&ncrnd=0.5872919215747372 
2019-12-21 12:13:39.8516 | INFO | System.Net.Http.HttpClient.IYandexMusicClient.ClientHandler |  | Sending HTTP request GET https://music.yandex.ru/handlers/playlist.jsx?owner=Musili.Ru&kinds=1006&light=true&lang=ru&external-domain=music.yandex.ru&overembed=false&ncrnd=0.5872919215747372 
2019-12-21 12:13:40.4990 | INFO | System.Net.Http.HttpClient.IYandexMusicClient.ClientHandler |  | Received HTTP response after 644.023ms - OK 
2019-12-21 12:13:40.4990 | INFO | System.Net.Http.HttpClient.IYandexMusicClient.ClientHandler |  | Received HTTP response after 644.023ms - OK 
2019-12-21 12:13:40.5088 | INFO | System.Net.Http.HttpClient.IYandexMusicClient.LogicalHandler |  | End processing HTTP request after 705.357ms - OK 
2019-12-21 12:13:40.5088 | INFO | System.Net.Http.HttpClient.IYandexMusicClient.LogicalHandler |  | End processing HTTP request after 705.357ms - OK 
2019-12-21 12:13:40.6339 | INFO | System.Net.Http.HttpClient.IYandexMusicClient.LogicalHandler |  | Start processing HTTP request GET https://music.yandex.ru/api/v2.1/handlers/tracks?tracks=1197650,5010754 
2019-12-21 12:13:40.6339 | INFO | System.Net.Http.HttpClient.IYandexMusicClient.LogicalHandler |  | Start processing HTTP request GET https://music.yandex.ru/api/v2.1/handlers/tracks?tracks=1197650,5010754 
2019-12-21 12:13:40.6339 | INFO | System.Net.Http.HttpClient.IYandexMusicClient.ClientHandler |  | Sending HTTP request GET https://music.yandex.ru/api/v2.1/handlers/tracks?tracks=1197650,5010754 
2019-12-21 12:13:40.6339 | INFO | System.Net.Http.HttpClient.IYandexMusicClient.ClientHandler |  | Sending HTTP request GET https://music.yandex.ru/api/v2.1/handlers/tracks?tracks=1197650,5010754 
2019-12-21 12:13:40.6961 | INFO | System.Net.Http.HttpClient.IYandexMusicClient.ClientHandler |  | Received HTTP response after 53.0363ms - OK 
2019-12-21 12:13:40.6961 | INFO | System.Net.Http.HttpClient.IYandexMusicClient.ClientHandler |  | Received HTTP response after 53.0363ms - OK 
2019-12-21 12:13:40.6961 | INFO | System.Net.Http.HttpClient.IYandexMusicClient.LogicalHandler |  | End processing HTTP request after 56.3208ms - OK 
2019-12-21 12:13:40.6961 | INFO | System.Net.Http.HttpClient.IYandexMusicClient.LogicalHandler |  | End processing HTTP request after 56.3208ms - OK 
2019-12-21 12:13:40.6961 | INFO | System.Net.Http.HttpClient.IYandexMusicClient.LogicalHandler |  | Start processing HTTP request GET https://music.yandex.ru/api/v2.1/handlers/track/1197650/track/download/m?hq=1 
2019-12-21 12:13:40.6961 | INFO | System.Net.Http.HttpClient.IYandexMusicClient.LogicalHandler |  | Start processing HTTP request GET https://music.yandex.ru/api/v2.1/handlers/track/1197650/track/download/m?hq=1 
2019-12-21 12:13:40.6961 | INFO | System.Net.Http.HttpClient.IYandexMusicClient.ClientHandler |  | Sending HTTP request GET https://music.yandex.ru/api/v2.1/handlers/track/1197650/track/download/m?hq=1 
2019-12-21 12:13:40.6961 | INFO | System.Net.Http.HttpClient.IYandexMusicClient.ClientHandler |  | Sending HTTP request GET https://music.yandex.ru/api/v2.1/handlers/track/1197650/track/download/m?hq=1 
2019-12-21 12:13:40.7487 | INFO | System.Net.Http.HttpClient.IYandexMusicClient.ClientHandler |  | Received HTTP response after 43.0365ms - OK 
2019-12-21 12:13:40.7487 | INFO | System.Net.Http.HttpClient.IYandexMusicClient.ClientHandler |  | Received HTTP response after 43.0365ms - OK 
2019-12-21 12:13:40.7487 | INFO | System.Net.Http.HttpClient.IYandexMusicClient.LogicalHandler |  | End processing HTTP request after 46.9106ms - OK 
2019-12-21 12:13:40.7487 | INFO | System.Net.Http.HttpClient.IYandexMusicClient.LogicalHandler |  | End processing HTTP request after 46.9106ms - OK 
2019-12-21 12:13:40.7487 | INFO | System.Net.Http.HttpClient.IYandexMusicClient.LogicalHandler |  | Start processing HTTP request GET https://storage.mds.yandex.net/file-download-info/56032_00f27204.45749689.1.1197650/2?sign=6575a75db0dfdf0d4fdd9595440b8f6c3a0e417fa3cbe840e1286f6ed5a2cc64&ts=5dfde27f&format=json 
2019-12-21 12:13:40.7487 | INFO | System.Net.Http.HttpClient.IYandexMusicClient.LogicalHandler |  | Start processing HTTP request GET https://storage.mds.yandex.net/file-download-info/56032_00f27204.45749689.1.1197650/2?sign=6575a75db0dfdf0d4fdd9595440b8f6c3a0e417fa3cbe840e1286f6ed5a2cc64&ts=5dfde27f&format=json 
2019-12-21 12:13:40.7487 | INFO | System.Net.Http.HttpClient.IYandexMusicClient.ClientHandler |  | Sending HTTP request GET https://storage.mds.yandex.net/file-download-info/56032_00f27204.45749689.1.1197650/2?sign=6575a75db0dfdf0d4fdd9595440b8f6c3a0e417fa3cbe840e1286f6ed5a2cc64&ts=5dfde27f&format=json 
2019-12-21 12:13:40.7487 | INFO | System.Net.Http.HttpClient.IYandexMusicClient.ClientHandler |  | Sending HTTP request GET https://storage.mds.yandex.net/file-download-info/56032_00f27204.45749689.1.1197650/2?sign=6575a75db0dfdf0d4fdd9595440b8f6c3a0e417fa3cbe840e1286f6ed5a2cc64&ts=5dfde27f&format=json 
2019-12-21 12:13:40.8500 | INFO | System.Net.Http.HttpClient.IYandexMusicClient.ClientHandler |  | Received HTTP response after 96.3993ms - OK 
2019-12-21 12:13:40.8500 | INFO | System.Net.Http.HttpClient.IYandexMusicClient.ClientHandler |  | Received HTTP response after 96.3993ms - OK 
2019-12-21 12:13:40.8500 | INFO | System.Net.Http.HttpClient.IYandexMusicClient.LogicalHandler |  | End processing HTTP request after 99.6228ms - OK 
2019-12-21 12:13:40.8500 | INFO | System.Net.Http.HttpClient.IYandexMusicClient.LogicalHandler |  | End processing HTTP request after 99.6228ms - OK 
2019-12-21 12:13:41.8741 | INFO | System.Net.Http.HttpClient.IYandexMusicClient.LogicalHandler |  | Start processing HTTP request GET https://music.yandex.ru/api/v2.1/handlers/track/5010754/track/download/m?hq=1 
2019-12-21 12:13:41.8741 | INFO | System.Net.Http.HttpClient.IYandexMusicClient.LogicalHandler |  | Start processing HTTP request GET https://music.yandex.ru/api/v2.1/handlers/track/5010754/track/download/m?hq=1 
2019-12-21 12:13:41.8814 | INFO | System.Net.Http.HttpClient.IYandexMusicClient.ClientHandler |  | Sending HTTP request GET https://music.yandex.ru/api/v2.1/handlers/track/5010754/track/download/m?hq=1 
2019-12-21 12:13:41.8814 | INFO | System.Net.Http.HttpClient.IYandexMusicClient.ClientHandler |  | Sending HTTP request GET https://music.yandex.ru/api/v2.1/handlers/track/5010754/track/download/m?hq=1 
2019-12-21 12:13:41.9610 | INFO | System.Net.Http.HttpClient.IYandexMusicClient.ClientHandler |  | Received HTTP response after 79.3785ms - OK 
2019-12-21 12:13:41.9610 | INFO | System.Net.Http.HttpClient.IYandexMusicClient.ClientHandler |  | Received HTTP response after 79.3785ms - OK 
2019-12-21 12:13:41.9610 | INFO | System.Net.Http.HttpClient.IYandexMusicClient.LogicalHandler |  | End processing HTTP request after 93.7962ms - OK 
2019-12-21 12:13:41.9610 | INFO | System.Net.Http.HttpClient.IYandexMusicClient.LogicalHandler |  | End processing HTTP request after 93.7962ms - OK 
2019-12-21 12:13:41.9745 | INFO | System.Net.Http.HttpClient.IYandexMusicClient.LogicalHandler |  | Start processing HTTP request GET https://storage.mds.yandex.net/file-download-info/938315_c1cd7e9f.59423135.1.5010754/2?sign=d9dc402df538273276de46a90f50eb96d0efcc05a543d64ca5cb7e6b87ed68df&ts=5dfde280&format=json 
2019-12-21 12:13:41.9745 | INFO | System.Net.Http.HttpClient.IYandexMusicClient.LogicalHandler |  | Start processing HTTP request GET https://storage.mds.yandex.net/file-download-info/938315_c1cd7e9f.59423135.1.5010754/2?sign=d9dc402df538273276de46a90f50eb96d0efcc05a543d64ca5cb7e6b87ed68df&ts=5dfde280&format=json 
2019-12-21 12:13:41.9745 | INFO | System.Net.Http.HttpClient.IYandexMusicClient.ClientHandler |  | Sending HTTP request GET https://storage.mds.yandex.net/file-download-info/938315_c1cd7e9f.59423135.1.5010754/2?sign=d9dc402df538273276de46a90f50eb96d0efcc05a543d64ca5cb7e6b87ed68df&ts=5dfde280&format=json 
2019-12-21 12:13:41.9745 | INFO | System.Net.Http.HttpClient.IYandexMusicClient.ClientHandler |  | Sending HTTP request GET https://storage.mds.yandex.net/file-download-info/938315_c1cd7e9f.59423135.1.5010754/2?sign=d9dc402df538273276de46a90f50eb96d0efcc05a543d64ca5cb7e6b87ed68df&ts=5dfde280&format=json 
2019-12-21 12:13:42.0797 | INFO | System.Net.Http.HttpClient.IYandexMusicClient.ClientHandler |  | Received HTTP response after 100.6443ms - OK 
2019-12-21 12:13:42.0797 | INFO | System.Net.Http.HttpClient.IYandexMusicClient.ClientHandler |  | Received HTTP response after 100.6443ms - OK 
2019-12-21 12:13:42.0797 | INFO | System.Net.Http.HttpClient.IYandexMusicClient.LogicalHandler |  | End processing HTTP request after 107.2197ms - OK 
2019-12-21 12:13:42.0797 | INFO | System.Net.Http.HttpClient.IYandexMusicClient.LogicalHandler |  | End processing HTTP request after 107.2197ms - OK 
2019-12-21 12:16:34.9503 | INFO | System.Net.Http.HttpClient.IYandexMusicClient.LogicalHandler |  | Start processing HTTP request GET https://music.yandex.ru/handlers/playlist.jsx?owner=yamusic-top&kinds=1033&light=true&lang=ru&external-domain=music.yandex.ru&overembed=false&ncrnd=0.5872919215747372 
2019-12-21 12:16:35.0046 | INFO | System.Net.Http.HttpClient.IYandexMusicClient.LogicalHandler |  | Start processing HTTP request GET https://music.yandex.ru/handlers/playlist.jsx?owner=yamusic-top&kinds=1033&light=true&lang=ru&external-domain=music.yandex.ru&overembed=false&ncrnd=0.5872919215747372 
2019-12-21 12:16:35.0621 | INFO | System.Net.Http.HttpClient.IYandexMusicClient.ClientHandler |  | Sending HTTP request GET https://music.yandex.ru/handlers/playlist.jsx?owner=yamusic-top&kinds=1033&light=true&lang=ru&external-domain=music.yandex.ru&overembed=false&ncrnd=0.5872919215747372 
2019-12-21 12:16:35.0621 | INFO | System.Net.Http.HttpClient.IYandexMusicClient.ClientHandler |  | Sending HTTP request GET https://music.yandex.ru/handlers/playlist.jsx?owner=yamusic-top&kinds=1033&light=true&lang=ru&external-domain=music.yandex.ru&overembed=false&ncrnd=0.5872919215747372 
2019-12-21 12:16:35.6042 | INFO | System.Net.Http.HttpClient.IYandexMusicClient.ClientHandler |  | Received HTTP response after 538.6274ms - OK 
2019-12-21 12:16:35.6042 | INFO | System.Net.Http.HttpClient.IYandexMusicClient.ClientHandler |  | Received HTTP response after 538.6274ms - OK 
2019-12-21 12:16:35.6042 | INFO | System.Net.Http.HttpClient.IYandexMusicClient.LogicalHandler |  | End processing HTTP request after 666.3084ms - OK 
2019-12-21 12:16:35.6042 | INFO | System.Net.Http.HttpClient.IYandexMusicClient.LogicalHandler |  | End processing HTTP request after 666.3084ms - OK 
2019-12-21 12:16:35.7240 | INFO | System.Net.Http.HttpClient.IYandexMusicClient.LogicalHandler |  | Start processing HTTP request GET https://music.yandex.ru/api/v2.1/handlers/tracks?tracks=10819057,36631360 
2019-12-21 12:16:35.7240 | INFO | System.Net.Http.HttpClient.IYandexMusicClient.LogicalHandler |  | Start processing HTTP request GET https://music.yandex.ru/api/v2.1/handlers/tracks?tracks=10819057,36631360 
2019-12-21 12:16:35.7240 | INFO | System.Net.Http.HttpClient.IYandexMusicClient.ClientHandler |  | Sending HTTP request GET https://music.yandex.ru/api/v2.1/handlers/tracks?tracks=10819057,36631360 
2019-12-21 12:16:35.7240 | INFO | System.Net.Http.HttpClient.IYandexMusicClient.ClientHandler |  | Sending HTTP request GET https://music.yandex.ru/api/v2.1/handlers/tracks?tracks=10819057,36631360 
2019-12-21 12:16:35.7698 | INFO | System.Net.Http.HttpClient.IYandexMusicClient.ClientHandler |  | Received HTTP response after 43.727ms - OK 
2019-12-21 12:16:35.7709 | INFO | System.Net.Http.HttpClient.IYandexMusicClient.ClientHandler |  | Received HTTP response after 43.727ms - OK 
2019-12-21 12:16:35.7709 | INFO | System.Net.Http.HttpClient.IYandexMusicClient.LogicalHandler |  | End processing HTTP request after 47.9976ms - OK 
2019-12-21 12:16:35.7709 | INFO | System.Net.Http.HttpClient.IYandexMusicClient.LogicalHandler |  | End processing HTTP request after 47.9976ms - OK 
2019-12-21 12:16:35.7709 | INFO | System.Net.Http.HttpClient.IYandexMusicClient.LogicalHandler |  | Start processing HTTP request GET https://music.yandex.ru/api/v2.1/handlers/track/10819057/track/download/m?hq=1 
2019-12-21 12:16:35.7709 | INFO | System.Net.Http.HttpClient.IYandexMusicClient.LogicalHandler |  | Start processing HTTP request GET https://music.yandex.ru/api/v2.1/handlers/track/10819057/track/download/m?hq=1 
2019-12-21 12:16:35.7709 | INFO | System.Net.Http.HttpClient.IYandexMusicClient.ClientHandler |  | Sending HTTP request GET https://music.yandex.ru/api/v2.1/handlers/track/10819057/track/download/m?hq=1 
2019-12-21 12:16:35.7709 | INFO | System.Net.Http.HttpClient.IYandexMusicClient.ClientHandler |  | Sending HTTP request GET https://music.yandex.ru/api/v2.1/handlers/track/10819057/track/download/m?hq=1 
2019-12-21 12:16:35.8190 | INFO | System.Net.Http.HttpClient.IYandexMusicClient.ClientHandler |  | Received HTTP response after 39.6791ms - OK 
2019-12-21 12:16:35.8190 | INFO | System.Net.Http.HttpClient.IYandexMusicClient.ClientHandler |  | Received HTTP response after 39.6791ms - OK 
2019-12-21 12:16:35.8190 | INFO | System.Net.Http.HttpClient.IYandexMusicClient.LogicalHandler |  | End processing HTTP request after 43.9525ms - OK 
2019-12-21 12:16:35.8190 | INFO | System.Net.Http.HttpClient.IYandexMusicClient.LogicalHandler |  | End processing HTTP request after 43.9525ms - OK 
2019-12-21 12:16:35.8190 | INFO | System.Net.Http.HttpClient.IYandexMusicClient.LogicalHandler |  | Start processing HTTP request GET https://storage.mds.yandex.net/file-download-info/64443_703cf3e3.14259729.10819057/2?sign=0124cc21fe423bc5b4a1d8334f482ece5c4a7ec01995c325c8e66e14828ca4f7&ts=5dfde32e&format=json 
2019-12-21 12:16:35.8190 | INFO | System.Net.Http.HttpClient.IYandexMusicClient.LogicalHandler |  | Start processing HTTP request GET https://storage.mds.yandex.net/file-download-info/64443_703cf3e3.14259729.10819057/2?sign=0124cc21fe423bc5b4a1d8334f482ece5c4a7ec01995c325c8e66e14828ca4f7&ts=5dfde32e&format=json 
2019-12-21 12:16:35.8190 | INFO | System.Net.Http.HttpClient.IYandexMusicClient.ClientHandler |  | Sending HTTP request GET https://storage.mds.yandex.net/file-download-info/64443_703cf3e3.14259729.10819057/2?sign=0124cc21fe423bc5b4a1d8334f482ece5c4a7ec01995c325c8e66e14828ca4f7&ts=5dfde32e&format=json 
2019-12-21 12:16:35.8190 | INFO | System.Net.Http.HttpClient.IYandexMusicClient.ClientHandler |  | Sending HTTP request GET https://storage.mds.yandex.net/file-download-info/64443_703cf3e3.14259729.10819057/2?sign=0124cc21fe423bc5b4a1d8334f482ece5c4a7ec01995c325c8e66e14828ca4f7&ts=5dfde32e&format=json 
2019-12-21 12:16:35.9407 | INFO | System.Net.Http.HttpClient.IYandexMusicClient.ClientHandler |  | Received HTTP response after 114.7062ms - OK 
2019-12-21 12:16:35.9407 | INFO | System.Net.Http.HttpClient.IYandexMusicClient.ClientHandler |  | Received HTTP response after 114.7062ms - OK 
2019-12-21 12:16:35.9407 | INFO | System.Net.Http.HttpClient.IYandexMusicClient.LogicalHandler |  | End processing HTTP request after 118.2524ms - OK 
2019-12-21 12:16:35.9435 | INFO | System.Net.Http.HttpClient.IYandexMusicClient.LogicalHandler |  | End processing HTTP request after 118.2524ms - OK 
2019-12-21 12:16:36.9592 | INFO | System.Net.Http.HttpClient.IYandexMusicClient.LogicalHandler |  | Start processing HTTP request GET https://music.yandex.ru/api/v2.1/handlers/track/36631360/track/download/m?hq=1 
2019-12-21 12:16:36.9592 | INFO | System.Net.Http.HttpClient.IYandexMusicClient.LogicalHandler |  | Start processing HTTP request GET https://music.yandex.ru/api/v2.1/handlers/track/36631360/track/download/m?hq=1 
2019-12-21 12:16:36.9592 | INFO | System.Net.Http.HttpClient.IYandexMusicClient.ClientHandler |  | Sending HTTP request GET https://music.yandex.ru/api/v2.1/handlers/track/36631360/track/download/m?hq=1 
2019-12-21 12:16:36.9592 | INFO | System.Net.Http.HttpClient.IYandexMusicClient.ClientHandler |  | Sending HTTP request GET https://music.yandex.ru/api/v2.1/handlers/track/36631360/track/download/m?hq=1 
2019-12-21 12:16:37.0053 | INFO | System.Net.Http.HttpClient.IYandexMusicClient.ClientHandler |  | Received HTTP response after 43.3121ms - OK 
2019-12-21 12:16:37.0053 | INFO | System.Net.Http.HttpClient.IYandexMusicClient.ClientHandler |  | Received HTTP response after 43.3121ms - OK 
2019-12-21 12:16:37.0053 | INFO | System.Net.Http.HttpClient.IYandexMusicClient.LogicalHandler |  | End processing HTTP request after 48.4439ms - OK 
2019-12-21 12:16:37.0053 | INFO | System.Net.Http.HttpClient.IYandexMusicClient.LogicalHandler |  | End processing HTTP request after 48.4439ms - OK 
2019-12-21 12:16:37.0053 | INFO | System.Net.Http.HttpClient.IYandexMusicClient.LogicalHandler |  | Start processing HTTP request GET https://storage.mds.yandex.net/file-download-info/517914_4de8f76c.56499007.1.36631360/2?sign=0ba30c17a27b8f7aeedd0192ee93c0e054fce04416932489d70784c369b67a85&ts=5dfde32f&format=json 
2019-12-21 12:16:37.0053 | INFO | System.Net.Http.HttpClient.IYandexMusicClient.LogicalHandler |  | Start processing HTTP request GET https://storage.mds.yandex.net/file-download-info/517914_4de8f76c.56499007.1.36631360/2?sign=0ba30c17a27b8f7aeedd0192ee93c0e054fce04416932489d70784c369b67a85&ts=5dfde32f&format=json 
2019-12-21 12:16:37.0053 | INFO | System.Net.Http.HttpClient.IYandexMusicClient.ClientHandler |  | Sending HTTP request GET https://storage.mds.yandex.net/file-download-info/517914_4de8f76c.56499007.1.36631360/2?sign=0ba30c17a27b8f7aeedd0192ee93c0e054fce04416932489d70784c369b67a85&ts=5dfde32f&format=json 
2019-12-21 12:16:37.0053 | INFO | System.Net.Http.HttpClient.IYandexMusicClient.ClientHandler |  | Sending HTTP request GET https://storage.mds.yandex.net/file-download-info/517914_4de8f76c.56499007.1.36631360/2?sign=0ba30c17a27b8f7aeedd0192ee93c0e054fce04416932489d70784c369b67a85&ts=5dfde32f&format=json 
2019-12-21 12:16:37.0944 | INFO | System.Net.Http.HttpClient.IYandexMusicClient.ClientHandler |  | Received HTTP response after 83.5958ms - OK 
2019-12-21 12:16:37.0944 | INFO | System.Net.Http.HttpClient.IYandexMusicClient.ClientHandler |  | Received HTTP response after 83.5958ms - OK 
2019-12-21 12:16:37.0944 | INFO | System.Net.Http.HttpClient.IYandexMusicClient.LogicalHandler |  | End processing HTTP request after 86.8883ms - OK 
2019-12-21 12:16:37.0944 | INFO | System.Net.Http.HttpClient.IYandexMusicClient.LogicalHandler |  | End processing HTTP request after 86.8883ms - OK 
2019-12-21 12:16:50.0776 | ERROR | Microsoft.AspNetCore.Diagnostics.ExceptionHandlerMiddleware | http://localhost:57009/api/test/error | An unhandled exception has occurred while executing the request. System.Exception: Error message
   at Musili.WebApi.Controllers.TestController.Error() in D:\dev\musili\src\WebApi\Controllers\TestController.cs:line 41
   at lambda_method(Closure , Object , Object[] )
   at Microsoft.Extensions.Internal.ObjectMethodExecutor.Execute(Object target, Object[] parameters)
   at Microsoft.AspNetCore.Mvc.Infrastructure.ActionMethodExecutor.SyncObjectResultExecutor.Execute(IActionResultTypeMapper mapper, ObjectMethodExecutor executor, Object controller, Object[] arguments)
   at Microsoft.AspNetCore.Mvc.Infrastructure.ControllerActionInvoker.InvokeActionMethodAsync()
   at Microsoft.AspNetCore.Mvc.Infrastructure.ControllerActionInvoker.Next(State& next, Scope& scope, Object& state, Boolean& isCompleted)
   at Microsoft.AspNetCore.Mvc.Infrastructure.ControllerActionInvoker.InvokeNextActionFilterAsync()
--- End of stack trace from previous location where exception was thrown ---
   at Microsoft.AspNetCore.Mvc.Infrastructure.ControllerActionInvoker.Rethrow(ActionExecutedContextSealed context)
   at Microsoft.AspNetCore.Mvc.Infrastructure.ControllerActionInvoker.Next(State& next, Scope& scope, Object& state, Boolean& isCompleted)
   at Microsoft.AspNetCore.Mvc.Infrastructure.ControllerActionInvoker.InvokeInnerFilterAsync()
--- End of stack trace from previous location where exception was thrown ---
   at Microsoft.AspNetCore.Mvc.Infrastructure.ResourceInvoker.<InvokeNextResourceFilter>g__Awaited|24_0(ResourceInvoker invoker, Task lastTask, State next, Scope scope, Object state, Boolean isCompleted)
   at Microsoft.AspNetCore.Mvc.Infrastructure.ResourceInvoker.Rethrow(ResourceExecutedContextSealed context)
   at Microsoft.AspNetCore.Mvc.Infrastructure.ResourceInvoker.Next(State& next, Scope& scope, Object& state, Boolean& isCompleted)
   at Microsoft.AspNetCore.Mvc.Infrastructure.ResourceInvoker.InvokeFilterPipelineAsync()
--- End of stack trace from previous location where exception was thrown ---
   at Microsoft.AspNetCore.Mvc.Infrastructure.ResourceInvoker.<InvokeAsync>g__Awaited|17_0(ResourceInvoker invoker, Task task, IDisposable scope)
   at Microsoft.AspNetCore.Routing.EndpointMiddleware.<Invoke>g__AwaitRequestTask|6_0(Endpoint endpoint, Task requestTask, ILogger logger)
   at Microsoft.AspNetCore.Diagnostics.ExceptionHandlerMiddleware.<Invoke>g__Awaited|6_0(ExceptionHandlerMiddleware middleware, HttpContext context, Task task)
2019-12-21 12:16:50.1317 | ERROR | Microsoft.AspNetCore.Diagnostics.ExceptionHandlerMiddleware | http://localhost:57009/api/test/error | An unhandled exception has occurred while executing the request. System.Exception: Error message
   at Musili.WebApi.Controllers.TestController.Error() in D:\dev\musili\src\WebApi\Controllers\TestController.cs:line 41
   at lambda_method(Closure , Object , Object[] )
   at Microsoft.Extensions.Internal.ObjectMethodExecutor.Execute(Object target, Object[] parameters)
   at Microsoft.AspNetCore.Mvc.Infrastructure.ActionMethodExecutor.SyncObjectResultExecutor.Execute(IActionResultTypeMapper mapper, ObjectMethodExecutor executor, Object controller, Object[] arguments)
   at Microsoft.AspNetCore.Mvc.Infrastructure.ControllerActionInvoker.InvokeActionMethodAsync()
   at Microsoft.AspNetCore.Mvc.Infrastructure.ControllerActionInvoker.Next(State& next, Scope& scope, Object& state, Boolean& isCompleted)
   at Microsoft.AspNetCore.Mvc.Infrastructure.ControllerActionInvoker.InvokeNextActionFilterAsync()
--- End of stack trace from previous location where exception was thrown ---
   at Microsoft.AspNetCore.Mvc.Infrastructure.ControllerActionInvoker.Rethrow(ActionExecutedContextSealed context)
   at Microsoft.AspNetCore.Mvc.Infrastructure.ControllerActionInvoker.Next(State& next, Scope& scope, Object& state, Boolean& isCompleted)
   at Microsoft.AspNetCore.Mvc.Infrastructure.ControllerActionInvoker.InvokeInnerFilterAsync()
--- End of stack trace from previous location where exception was thrown ---
   at Microsoft.AspNetCore.Mvc.Infrastructure.ResourceInvoker.<InvokeNextResourceFilter>g__Awaited|24_0(ResourceInvoker invoker, Task lastTask, State next, Scope scope, Object state, Boolean isCompleted)
   at Microsoft.AspNetCore.Mvc.Infrastructure.ResourceInvoker.Rethrow(ResourceExecutedContextSealed context)
   at Microsoft.AspNetCore.Mvc.Infrastructure.ResourceInvoker.Next(State& next, Scope& scope, Object& state, Boolean& isCompleted)
   at Microsoft.AspNetCore.Mvc.Infrastructure.ResourceInvoker.InvokeFilterPipelineAsync()
--- End of stack trace from previous location where exception was thrown ---
   at Microsoft.AspNetCore.Mvc.Infrastructure.ResourceInvoker.<InvokeAsync>g__Awaited|17_0(ResourceInvoker invoker, Task task, IDisposable scope)
   at Microsoft.AspNetCore.Routing.EndpointMiddleware.<Invoke>g__AwaitRequestTask|6_0(Endpoint endpoint, Task requestTask, ILogger logger)
   at Microsoft.AspNetCore.Diagnostics.ExceptionHandlerMiddleware.<Invoke>g__Awaited|6_0(ExceptionHandlerMiddleware middleware, HttpContext context, Task task)
2019-12-21 12:17:10.3391 | INFO | System.Net.Http.HttpClient.IYandexMusicClient.LogicalHandler |  | Start processing HTTP request GET https://music.yandex.ru/handlers/playlist.jsx?owner=Musili.Ru&kinds=1007&light=true&lang=ru&external-domain=music.yandex.ru&overembed=false&ncrnd=0.5872919215747372 
2019-12-21 12:17:10.3391 | INFO | System.Net.Http.HttpClient.IYandexMusicClient.LogicalHandler |  | Start processing HTTP request GET https://music.yandex.ru/handlers/playlist.jsx?owner=Musili.Ru&kinds=1007&light=true&lang=ru&external-domain=music.yandex.ru&overembed=false&ncrnd=0.5872919215747372 
2019-12-21 12:17:10.3625 | INFO | System.Net.Http.HttpClient.IYandexMusicClient.ClientHandler |  | Sending HTTP request GET https://music.yandex.ru/handlers/playlist.jsx?owner=Musili.Ru&kinds=1007&light=true&lang=ru&external-domain=music.yandex.ru&overembed=false&ncrnd=0.5872919215747372 
2019-12-21 12:17:10.3625 | INFO | System.Net.Http.HttpClient.IYandexMusicClient.ClientHandler |  | Sending HTTP request GET https://music.yandex.ru/handlers/playlist.jsx?owner=Musili.Ru&kinds=1007&light=true&lang=ru&external-domain=music.yandex.ru&overembed=false&ncrnd=0.5872919215747372 
2019-12-21 12:17:10.9202 | INFO | System.Net.Http.HttpClient.IYandexMusicClient.ClientHandler |  | Received HTTP response after 554.0984ms - OK 
2019-12-21 12:17:10.9202 | INFO | System.Net.Http.HttpClient.IYandexMusicClient.ClientHandler |  | Received HTTP response after 554.0984ms - OK 
2019-12-21 12:17:10.9202 | INFO | System.Net.Http.HttpClient.IYandexMusicClient.LogicalHandler |  | End processing HTTP request after 592.1094ms - OK 
2019-12-21 12:17:10.9272 | INFO | System.Net.Http.HttpClient.IYandexMusicClient.LogicalHandler |  | End processing HTTP request after 592.1094ms - OK 
2019-12-21 12:17:11.0691 | INFO | System.Net.Http.HttpClient.IYandexMusicClient.LogicalHandler |  | Start processing HTTP request GET https://music.yandex.ru/api/v2.1/handlers/tracks?tracks=29932916,343993 
2019-12-21 12:17:11.0691 | INFO | System.Net.Http.HttpClient.IYandexMusicClient.LogicalHandler |  | Start processing HTTP request GET https://music.yandex.ru/api/v2.1/handlers/tracks?tracks=29932916,343993 
2019-12-21 12:17:11.0691 | INFO | System.Net.Http.HttpClient.IYandexMusicClient.ClientHandler |  | Sending HTTP request GET https://music.yandex.ru/api/v2.1/handlers/tracks?tracks=29932916,343993 
2019-12-21 12:17:11.0691 | INFO | System.Net.Http.HttpClient.IYandexMusicClient.ClientHandler |  | Sending HTTP request GET https://music.yandex.ru/api/v2.1/handlers/tracks?tracks=29932916,343993 
2019-12-21 12:17:11.1174 | INFO | System.Net.Http.HttpClient.IYandexMusicClient.ClientHandler |  | Received HTTP response after 46.2507ms - OK 
2019-12-21 12:17:11.1174 | INFO | System.Net.Http.HttpClient.IYandexMusicClient.ClientHandler |  | Received HTTP response after 46.2507ms - OK 
2019-12-21 12:17:11.1174 | INFO | System.Net.Http.HttpClient.IYandexMusicClient.LogicalHandler |  | End processing HTTP request after 51.5936ms - OK 
2019-12-21 12:17:11.1174 | INFO | System.Net.Http.HttpClient.IYandexMusicClient.LogicalHandler |  | End processing HTTP request after 51.5936ms - OK 
2019-12-21 12:17:11.1319 | INFO | System.Net.Http.HttpClient.IYandexMusicClient.LogicalHandler |  | Start processing HTTP request GET https://music.yandex.ru/api/v2.1/handlers/track/29932916/track/download/m?hq=1 
2019-12-21 12:17:11.1319 | INFO | System.Net.Http.HttpClient.IYandexMusicClient.LogicalHandler |  | Start processing HTTP request GET https://music.yandex.ru/api/v2.1/handlers/track/29932916/track/download/m?hq=1 
2019-12-21 12:17:11.1319 | INFO | System.Net.Http.HttpClient.IYandexMusicClient.ClientHandler |  | Sending HTTP request GET https://music.yandex.ru/api/v2.1/handlers/track/29932916/track/download/m?hq=1 
2019-12-21 12:17:11.1319 | INFO | System.Net.Http.HttpClient.IYandexMusicClient.ClientHandler |  | Sending HTTP request GET https://music.yandex.ru/api/v2.1/handlers/track/29932916/track/download/m?hq=1 
2019-12-21 12:17:11.1779 | INFO | System.Net.Http.HttpClient.IYandexMusicClient.ClientHandler |  | Received HTTP response after 43.7268ms - OK 
2019-12-21 12:17:11.1779 | INFO | System.Net.Http.HttpClient.IYandexMusicClient.ClientHandler |  | Received HTTP response after 43.7268ms - OK 
2019-12-21 12:17:11.1779 | INFO | System.Net.Http.HttpClient.IYandexMusicClient.LogicalHandler |  | End processing HTTP request after 48.2247ms - OK 
2019-12-21 12:17:11.1779 | INFO | System.Net.Http.HttpClient.IYandexMusicClient.LogicalHandler |  | End processing HTTP request after 48.2247ms - OK 
2019-12-21 12:17:11.1779 | INFO | System.Net.Http.HttpClient.IYandexMusicClient.LogicalHandler |  | Start processing HTTP request GET https://storage.mds.yandex.net/file-download-info/163521_bb80a328.44438610.1.29932916/2?sign=28c45e4e9c3125b8b5cc5c7e18a183ff7f0b1b22caf25cb3a6abe0bc2822fb0a&ts=5dfde351&format=json 
2019-12-21 12:17:11.1779 | INFO | System.Net.Http.HttpClient.IYandexMusicClient.LogicalHandler |  | Start processing HTTP request GET https://storage.mds.yandex.net/file-download-info/163521_bb80a328.44438610.1.29932916/2?sign=28c45e4e9c3125b8b5cc5c7e18a183ff7f0b1b22caf25cb3a6abe0bc2822fb0a&ts=5dfde351&format=json 
2019-12-21 12:17:11.1779 | INFO | System.Net.Http.HttpClient.IYandexMusicClient.ClientHandler |  | Sending HTTP request GET https://storage.mds.yandex.net/file-download-info/163521_bb80a328.44438610.1.29932916/2?sign=28c45e4e9c3125b8b5cc5c7e18a183ff7f0b1b22caf25cb3a6abe0bc2822fb0a&ts=5dfde351&format=json 
2019-12-21 12:17:11.1779 | INFO | System.Net.Http.HttpClient.IYandexMusicClient.ClientHandler |  | Sending HTTP request GET https://storage.mds.yandex.net/file-download-info/163521_bb80a328.44438610.1.29932916/2?sign=28c45e4e9c3125b8b5cc5c7e18a183ff7f0b1b22caf25cb3a6abe0bc2822fb0a&ts=5dfde351&format=json 
2019-12-21 12:17:11.3184 | INFO | System.Net.Http.HttpClient.IYandexMusicClient.ClientHandler |  | Received HTTP response after 134.4599ms - OK 
2019-12-21 12:17:11.3184 | INFO | System.Net.Http.HttpClient.IYandexMusicClient.ClientHandler |  | Received HTTP response after 134.4599ms - OK 
2019-12-21 12:17:11.3336 | INFO | System.Net.Http.HttpClient.IYandexMusicClient.LogicalHandler |  | End processing HTTP request after 151.381ms - OK 
2019-12-21 12:17:11.3336 | INFO | System.Net.Http.HttpClient.IYandexMusicClient.LogicalHandler |  | End processing HTTP request after 151.381ms - OK 
2019-12-21 12:17:12.3571 | INFO | System.Net.Http.HttpClient.IYandexMusicClient.LogicalHandler |  | Start processing HTTP request GET https://music.yandex.ru/api/v2.1/handlers/track/343993/track/download/m?hq=1 
2019-12-21 12:17:12.3571 | INFO | System.Net.Http.HttpClient.IYandexMusicClient.LogicalHandler |  | Start processing HTTP request GET https://music.yandex.ru/api/v2.1/handlers/track/343993/track/download/m?hq=1 
2019-12-21 12:17:12.3571 | INFO | System.Net.Http.HttpClient.IYandexMusicClient.ClientHandler |  | Sending HTTP request GET https://music.yandex.ru/api/v2.1/handlers/track/343993/track/download/m?hq=1 
2019-12-21 12:17:12.3571 | INFO | System.Net.Http.HttpClient.IYandexMusicClient.ClientHandler |  | Sending HTTP request GET https://music.yandex.ru/api/v2.1/handlers/track/343993/track/download/m?hq=1 
2019-12-21 12:17:12.4126 | INFO | System.Net.Http.HttpClient.IYandexMusicClient.ClientHandler |  | Received HTTP response after 51.7956ms - OK 
2019-12-21 12:17:12.4126 | INFO | System.Net.Http.HttpClient.IYandexMusicClient.ClientHandler |  | Received HTTP response after 51.7956ms - OK 
2019-12-21 12:17:12.4126 | INFO | System.Net.Http.HttpClient.IYandexMusicClient.LogicalHandler |  | End processing HTTP request after 58.6296ms - OK 
2019-12-21 12:17:12.4126 | INFO | System.Net.Http.HttpClient.IYandexMusicClient.LogicalHandler |  | End processing HTTP request after 58.6296ms - OK 
2019-12-21 12:17:12.4126 | INFO | System.Net.Http.HttpClient.IYandexMusicClient.LogicalHandler |  | Start processing HTTP request GET https://storage.mds.yandex.net/file-download-info/398377_8855e549.63312089.1.31369573/2?sign=0af4a3b65ce347fe9e57e8a89c050c5b350beb6342443864bed4658fd992982f&ts=5dfde353&format=json 
2019-12-21 12:17:12.4126 | INFO | System.Net.Http.HttpClient.IYandexMusicClient.LogicalHandler |  | Start processing HTTP request GET https://storage.mds.yandex.net/file-download-info/398377_8855e549.63312089.1.31369573/2?sign=0af4a3b65ce347fe9e57e8a89c050c5b350beb6342443864bed4658fd992982f&ts=5dfde353&format=json 
2019-12-21 12:17:12.4126 | INFO | System.Net.Http.HttpClient.IYandexMusicClient.ClientHandler |  | Sending HTTP request GET https://storage.mds.yandex.net/file-download-info/398377_8855e549.63312089.1.31369573/2?sign=0af4a3b65ce347fe9e57e8a89c050c5b350beb6342443864bed4658fd992982f&ts=5dfde353&format=json 
2019-12-21 12:17:12.4126 | INFO | System.Net.Http.HttpClient.IYandexMusicClient.ClientHandler |  | Sending HTTP request GET https://storage.mds.yandex.net/file-download-info/398377_8855e549.63312089.1.31369573/2?sign=0af4a3b65ce347fe9e57e8a89c050c5b350beb6342443864bed4658fd992982f&ts=5dfde353&format=json 
2019-12-21 12:17:12.4515 | INFO | System.Net.Http.HttpClient.IYandexMusicClient.ClientHandler |  | Received HTTP response after 32.3414ms - OK 
2019-12-21 12:17:12.4515 | INFO | System.Net.Http.HttpClient.IYandexMusicClient.ClientHandler |  | Received HTTP response after 32.3414ms - OK 
2019-12-21 12:17:12.4515 | INFO | System.Net.Http.HttpClient.IYandexMusicClient.LogicalHandler |  | End processing HTTP request after 35.802ms - OK 
2019-12-21 12:17:12.4515 | INFO | System.Net.Http.HttpClient.IYandexMusicClient.LogicalHandler |  | End processing HTTP request after 35.802ms - OK 
2019-12-21 12:17:34.4200 | ERROR | Microsoft.AspNetCore.Diagnostics.DeveloperExceptionPageMiddleware | http://localhost:57009/api/test/error | An unhandled exception has occurred while executing the request. System.Exception: Error message
   at Musili.WebApi.Controllers.TestController.Error() in D:\dev\musili\src\WebApi\Controllers\TestController.cs:line 41
   at lambda_method(Closure , Object , Object[] )
   at Microsoft.Extensions.Internal.ObjectMethodExecutor.Execute(Object target, Object[] parameters)
   at Microsoft.AspNetCore.Mvc.Infrastructure.ActionMethodExecutor.SyncObjectResultExecutor.Execute(IActionResultTypeMapper mapper, ObjectMethodExecutor executor, Object controller, Object[] arguments)
   at Microsoft.AspNetCore.Mvc.Infrastructure.ControllerActionInvoker.InvokeActionMethodAsync()
   at Microsoft.AspNetCore.Mvc.Infrastructure.ControllerActionInvoker.Next(State& next, Scope& scope, Object& state, Boolean& isCompleted)
   at Microsoft.AspNetCore.Mvc.Infrastructure.ControllerActionInvoker.InvokeNextActionFilterAsync()
--- End of stack trace from previous location where exception was thrown ---
   at Microsoft.AspNetCore.Mvc.Infrastructure.ControllerActionInvoker.Rethrow(ActionExecutedContextSealed context)
   at Microsoft.AspNetCore.Mvc.Infrastructure.ControllerActionInvoker.Next(State& next, Scope& scope, Object& state, Boolean& isCompleted)
   at Microsoft.AspNetCore.Mvc.Infrastructure.ControllerActionInvoker.InvokeInnerFilterAsync()
--- End of stack trace from previous location where exception was thrown ---
   at Microsoft.AspNetCore.Mvc.Infrastructure.ResourceInvoker.<InvokeNextResourceFilter>g__Awaited|24_0(ResourceInvoker invoker, Task lastTask, State next, Scope scope, Object state, Boolean isCompleted)
   at Microsoft.AspNetCore.Mvc.Infrastructure.ResourceInvoker.Rethrow(ResourceExecutedContextSealed context)
   at Microsoft.AspNetCore.Mvc.Infrastructure.ResourceInvoker.Next(State& next, Scope& scope, Object& state, Boolean& isCompleted)
   at Microsoft.AspNetCore.Mvc.Infrastructure.ResourceInvoker.InvokeFilterPipelineAsync()
--- End of stack trace from previous location where exception was thrown ---
   at Microsoft.AspNetCore.Mvc.Infrastructure.ResourceInvoker.<InvokeAsync>g__Awaited|17_0(ResourceInvoker invoker, Task task, IDisposable scope)
   at Microsoft.AspNetCore.Routing.EndpointMiddleware.<Invoke>g__AwaitRequestTask|6_0(Endpoint endpoint, Task requestTask, ILogger logger)
   at Microsoft.AspNetCore.Diagnostics.DeveloperExceptionPageMiddleware.Invoke(HttpContext context)
2019-12-21 12:17:34.4741 | ERROR | Microsoft.AspNetCore.Diagnostics.DeveloperExceptionPageMiddleware | http://localhost:57009/api/test/error | An unhandled exception has occurred while executing the request. System.Exception: Error message
   at Musili.WebApi.Controllers.TestController.Error() in D:\dev\musili\src\WebApi\Controllers\TestController.cs:line 41
   at lambda_method(Closure , Object , Object[] )
   at Microsoft.Extensions.Internal.ObjectMethodExecutor.Execute(Object target, Object[] parameters)
   at Microsoft.AspNetCore.Mvc.Infrastructure.ActionMethodExecutor.SyncObjectResultExecutor.Execute(IActionResultTypeMapper mapper, ObjectMethodExecutor executor, Object controller, Object[] arguments)
   at Microsoft.AspNetCore.Mvc.Infrastructure.ControllerActionInvoker.InvokeActionMethodAsync()
   at Microsoft.AspNetCore.Mvc.Infrastructure.ControllerActionInvoker.Next(State& next, Scope& scope, Object& state, Boolean& isCompleted)
   at Microsoft.AspNetCore.Mvc.Infrastructure.ControllerActionInvoker.InvokeNextActionFilterAsync()
--- End of stack trace from previous location where exception was thrown ---
   at Microsoft.AspNetCore.Mvc.Infrastructure.ControllerActionInvoker.Rethrow(ActionExecutedContextSealed context)
   at Microsoft.AspNetCore.Mvc.Infrastructure.ControllerActionInvoker.Next(State& next, Scope& scope, Object& state, Boolean& isCompleted)
   at Microsoft.AspNetCore.Mvc.Infrastructure.ControllerActionInvoker.InvokeInnerFilterAsync()
--- End of stack trace from previous location where exception was thrown ---
   at Microsoft.AspNetCore.Mvc.Infrastructure.ResourceInvoker.<InvokeNextResourceFilter>g__Awaited|24_0(ResourceInvoker invoker, Task lastTask, State next, Scope scope, Object state, Boolean isCompleted)
   at Microsoft.AspNetCore.Mvc.Infrastructure.ResourceInvoker.Rethrow(ResourceExecutedContextSealed context)
   at Microsoft.AspNetCore.Mvc.Infrastructure.ResourceInvoker.Next(State& next, Scope& scope, Object& state, Boolean& isCompleted)
   at Microsoft.AspNetCore.Mvc.Infrastructure.ResourceInvoker.InvokeFilterPipelineAsync()
--- End of stack trace from previous location where exception was thrown ---
   at Microsoft.AspNetCore.Mvc.Infrastructure.ResourceInvoker.<InvokeAsync>g__Awaited|17_0(ResourceInvoker invoker, Task task, IDisposable scope)
   at Microsoft.AspNetCore.Routing.EndpointMiddleware.<Invoke>g__AwaitRequestTask|6_0(Endpoint endpoint, Task requestTask, ILogger logger)
   at Microsoft.AspNetCore.Diagnostics.DeveloperExceptionPageMiddleware.Invoke(HttpContext context)
